2025-03-16 20:23:41 - {'AidResource': 0, 'TowResource': 0, 'FirefightingResource': 0, 'RescueResource': 0, 'roadPassibility': 1, 'roadLoss': 0, 'emergencyPeriod': 1, 'emergencyType': 2}
2025-03-16 20:25:29 - {'AidResource': 0, 'TowResource': 0, 'FirefightingResource': 0, 'RescueResource': 0, 'roadPassibility': 1, 'roadLoss': 0, 'emergencyPeriod': 1, 'emergencyType': 2}
2025-03-16 20:35:59 - {'AidResource': 0, 'TowResource': 0, 'FirefightingResource': 0, 'RescueResource': 0, 'roadPassibility': 1, 'roadLoss': 0, 'emergencyPeriod': 1, 'emergencyType': 2}
2025-03-16 23:39:15 - {'AidResource': 0, 'TowResource': 0, 'FirefightingResource': 0, 'RescueResource': 0, 'roadPassibility': 1, 'roadLoss': 0, 'emergencyPeriod': 1, 'emergencyType': 2}
2025-03-16 23:39:32 - {'AidResource': 1, 'TowResource': 0, 'FirefightingResource': 0, 'RescueResource': 0, 'roadPassibility': 1, 'roadLoss': 0, 'emergencyPeriod': 1, 'emergencyType': 2, 'disposalDuration': 0}
2025-03-16 23:47:10 - {'AidResource': 0, 'TowResource': 0, 'FirefightingResource': 0, 'RescueResource': 0, 'roadPassibility': 1, 'roadLoss': 0, 'casualties': 1, 'emergencyPeriod': 1, 'emergencyType': 1}
2025-03-16 23:48:06 - {'AidResource': 1, 'TowResource': 0, 'FirefightingResource': 0, 'RescueResource': 0, 'roadPassibility': 1, 'roadLoss': 0, 'casualties': 1, 'emergencyPeriod': 1, 'emergencyType': 1, 'disposalDuration': 0}
2025-03-18 13:07:00 - {'AidResource': 0, 'TowResource': 0, 'FirefightingResource': 0, 'RescueResource': 0, 'roadPassibility': 1, 'roadLoss': 0, 'casualties': 1, 'emergencyPeriod': 1, 'emergencyType': 1}
2025-03-18 13:07:12 - {'AidResource': 1, 'TowResource': 0, 'FirefightingResource': 0, 'RescueResource': 0, 'roadPassibility': 1, 'roadLoss': 0, 'casualties': 1, 'emergencyPeriod': 1, 'emergencyType': 1, 'disposalDuration': 0}
2025-03-18 13:07:44 - {'AidResource': 1, 'TowResource': 0, 'FirefightingResource': 0, 'RescueResource': 0, 'roadPassibility': 1, 'roadLoss': 0, 'casualties': 1, 'emergencyPeriod': 1, 'emergencyType': 1, 'disposalDuration': 0}
2025-03-18 13:08:39 - {'AidResource': 0, 'TowResource': 0, 'FirefightingResource': 0, 'RescueResource': 0, 'roadPassibility': 1, 'roadLoss': 0, 'casualties': 1, 'emergencyPeriod': 1, 'emergencyType': 1}
2025-03-18 22:22:28 - {'AidResource': 0, 'TowResource': 0, 'FirefightingResource': 0, 'RescueResource': 0, 'roadPassibility': 1, 'roadLoss': 0, 'casualties': 1, 'emergencyPeriod': 1, 'emergencyType': 1}
2025-03-18 22:27:33 - {'AidResource': 0, 'TowResource': 0, 'FirefightingResource': 0, 'RescueResource': 0, 'roadPassibility': 1, 'roadLoss': 0, 'casualties': 1, 'emergencyPeriod': 1, 'emergencyType': 1}
2025-03-19 19:33:22 - {'AidResource': 0, 'TowResource': 0, 'FirefightingResource': 0, 'RescueResource': 0, 'roadPassibility': 1, 'roadLoss': 0, 'casualties': 1, 'emergencyPeriod': 1, 'emergencyType': 1}
2025-03-19 20:51:44 - {'AidResource': 0, 'TowResource': 0, 'FirefightingResource': 0, 'RescueResource': 0, 'roadPassibility': 1, 'roadLoss': 0, 'casualties': 1, 'emergencyPeriod': 1, 'emergencyType': 1}
2025-03-19 20:55:50 - {'AidResource': 0, 'TowResource': 0, 'FirefightingResource': 0, 'RescueResource': 0, 'roadPassibility': 1, 'roadLoss': 0, 'casualties': 1, 'emergencyPeriod': 1, 'emergencyType': 1}
2025-03-19 20:56:52 - {'AidResource': 0, 'TowResource': 0, 'FirefightingResource': 0, 'RescueResource': 0, 'roadPassibility': 1, 'roadLoss': 0, 'casualties': 1, 'emergencyPeriod': 1, 'emergencyType': 1}
2025-03-19 21:00:21 - {'AidResource': 0, 'TowResource': 0, 'FirefightingResource': 0, 'RescueResource': 0, 'roadPassibility': 1, 'roadLoss': 0, 'casualties': 1, 'emergencyPeriod': 1, 'emergencyType': 1}
2025-03-19 21:02:10 - {'AidResource': 0, 'TowResource': 0, 'FirefightingResource': 0, 'RescueResource': 0, 'roadPassibility': 1, 'roadLoss': 0, 'casualties': 1, 'emergencyPeriod': 1, 'emergencyType': 1}
2025-03-19 21:03:31 - {'AidResource': 0, 'TowResource': 0, 'FirefightingResource': 0, 'RescueResource': 0, 'roadPassibility': 1, 'roadLoss': 0, 'casualties': 1, 'emergencyPeriod': 1, 'emergencyType': 1}
2025-03-19 21:05:03 - {'AidResource': 0, 'TowResource': 0, 'FirefightingResource': 0, 'RescueResource': 0, 'roadPassibility': 1, 'roadLoss': 0, 'casualties': 1, 'emergencyPeriod': 1, 'emergencyType': 1}
2025-03-19 21:06:13 - {'AidResource': 0, 'TowResource': 0, 'FirefightingResource': 0, 'RescueResource': 0, 'roadPassibility': 1, 'roadLoss': 0, 'casualties': 1, 'emergencyPeriod': 1, 'emergencyType': 1}
2025-03-19 21:06:53 - {'AidResource': 0, 'TowResource': 0, 'FirefightingResource': 0, 'RescueResource': 0, 'roadPassibility': 1, 'roadLoss': 0, 'casualties': 1, 'emergencyPeriod': 1, 'emergencyType': 1}
2025-03-19 21:08:57 - {'AidResource': 0, 'TowResource': 0, 'FirefightingResource': 0, 'RescueResource': 0, 'roadPassibility': 1, 'roadLoss': 0, 'casualties': 1, 'emergencyPeriod': 1, 'emergencyType': 1}
2025-03-19 21:13:18 - {'AidResource': 0, 'TowResource': 0, 'FirefightingResource': 0, 'RescueResource': 0, 'roadPassibility': 1, 'roadLoss': 0, 'casualties': 1, 'emergencyPeriod': 1, 'emergencyType': 1}
2025-03-19 21:15:09 - {'AidResource': 0, 'TowResource': 0, 'FirefightingResource': 0, 'RescueResource': 0, 'roadPassibility': 1, 'roadLoss': 0, 'casualties': 1, 'emergencyPeriod': 1, 'emergencyType': 1}
2025-03-19 21:17:36 - {'AidResource': 0, 'TowResource': 0, 'FirefightingResource': 0, 'RescueResource': 0, 'roadPassibility': 1, 'roadLoss': 0, 'casualties': 1, 'emergencyPeriod': 1, 'emergencyType': 1}
2025-03-20 11:02:21 - {'AidResource': 0, 'TowResource': 0, 'FirefightingResource': 0, 'RescueResource': 0, 'roadPassibility': 1, 'roadLoss': 0, 'casualties': 1, 'emergencyPeriod': 1, 'emergencyType': 1}
2025-03-20 11:04:07 - {'AidResource': 0, 'TowResource': 0, 'FirefightingResource': 0, 'RescueResource': 0, 'roadPassibility': 1, 'roadLoss': 0, 'casualties': 1, 'emergencyPeriod': 1, 'emergencyType': 1}
2025-03-20 17:53:51 - {'AidResource': 0, 'TowResource': 0, 'FirefightingResource': 0, 'RescueResource': 0, 'roadPassibility': 1, 'roadLoss': 0, 'casualties': 1, 'emergencyPeriod': 1, 'emergencyType': 1}
2025-03-20 17:58:55 - {'AidResource': 0, 'TowResource': 0, 'FirefightingResource': 0, 'RescueResource': 0, 'roadPassibility': 1, 'roadLoss': 0, 'casualties': 1, 'emergencyPeriod': 1, 'emergencyType': 1}
2025-03-20 18:06:04 - {'AidResource': 0, 'TowResource': 0, 'FirefightingResource': 0, 'RescueResource': 0, 'roadPassibility': 1, 'roadLoss': 0, 'casualties': 1, 'emergencyPeriod': 1, 'emergencyType': 1}
2025-03-20 18:07:21 - {'AidResource': 0, 'TowResource': 0, 'FirefightingResource': 0, 'RescueResource': 0, 'roadPassibility': 1, 'roadLoss': 0, 'casualties': 1, 'emergencyPeriod': 1, 'emergencyType': 1}
2025-03-20 18:09:54 - {'AidResource': 0, 'TowResource': 0, 'FirefightingResource': 0, 'RescueResource': 0, 'roadPassibility': 1, 'roadLoss': 0, 'casualties': 1, 'emergencyPeriod': 1, 'emergencyType': 1}
2025-03-20 18:11:59 - {'AidResource': 0, 'TowResource': 0, 'FirefightingResource': 0, 'RescueResource': 0, 'roadPassibility': 1, 'roadLoss': 0, 'casualties': 1, 'emergencyPeriod': 1, 'emergencyType': 1}
2025-03-20 18:12:18 - {'AidResource': 1, 'TowResource': 0, 'FirefightingResource': 0, 'RescueResource': 0, 'roadPassibility': 1, 'roadLoss': 0, 'casualties': 1, 'emergencyPeriod': 1, 'emergencyType': 1, 'disposalDuration': 0}
2025-03-20 18:29:33 - {'AidResource': 0, 'TowResource': 0, 'FirefightingResource': 0, 'RescueResource': 0, 'roadPassibility': 1, 'roadLoss': 0, 'casualties': 1, 'emergencyPeriod': 1, 'emergencyType': 1}
2025-03-20 18:30:33 - {'AidResource': 0, 'TowResource': 0, 'FirefightingResource': 0, 'RescueResource': 0, 'roadPassibility': 1, 'roadLoss': 0, 'casualties': 1, 'emergencyPeriod': 1, 'emergencyType': 1}
2025-03-20 18:42:40 - {'AidResource': 0, 'TowResource': 0, 'FirefightingResource': 0, 'RescueResource': 0, 'roadPassibility': 1, 'roadLoss': 0, 'casualties': 1, 'emergencyPeriod': 1, 'emergencyType': 1}
2025-03-20 19:18:30 - {'AidResource': 0, 'TowResource': 0, 'FirefightingResource': 0, 'RescueResource': 0, 'roadPassibility': 1, 'roadLoss': 0, 'casualties': 1, 'emergencyPeriod': 1, 'emergencyType': 1}
2025-03-21 12:06:20 - {'AidResource': 0, 'TowResource': 0, 'FirefightingResource': 0, 'RescueResource': 0, 'roadPassibility': 1, 'roadLoss': 0, 'casualties': 1, 'emergencyPeriod': 1, 'emergencyType': 1}
2025-03-21 12:22:32 - {'AidResource': 0, 'TowResource': 0, 'FirefightingResource': 0, 'RescueResource': 0, 'roadPassibility': 1, 'roadLoss': 0, 'casualties': 1, 'emergencyPeriod': 1, 'emergencyType': 1}
2025-03-21 12:23:38 - {'AidResource': 0, 'TowResource': 0, 'FirefightingResource': 0, 'RescueResource': 0, 'roadPassibility': 1, 'roadLoss': 0, 'casualties': 1, 'emergencyPeriod': 1, 'emergencyType': 1}
2025-03-21 12:34:58 - {'AidResource': 0, 'TowResource': 0, 'FirefightingResource': 0, 'RescueResource': 0, 'roadPassibility': 1, 'roadLoss': 0, 'casualties': 1, 'emergencyPeriod': 1, 'emergencyType': 1}
2025-03-21 12:36:04 - {'AidResource': 0, 'TowResource': 0, 'FirefightingResource': 0, 'RescueResource': 0, 'roadPassibility': 1, 'roadLoss': 0, 'casualties': 1, 'emergencyPeriod': 1, 'emergencyType': 1}
2025-03-21 12:47:14 - {'AidResource': 0, 'TowResource': 0, 'FirefightingResource': 0, 'RescueResource': 0, 'roadPassibility': 1, 'roadLoss': 0, 'casualties': 1, 'emergencyPeriod': 1, 'emergencyType': 1}
2025-03-21 12:51:39 - {'AidResource': 0, 'TowResource': 0, 'FirefightingResource': 0, 'RescueResource': 0, 'roadPassibility': 1, 'roadLoss': 0, 'casualties': 1, 'emergencyPeriod': 1, 'emergencyType': 1}
2025-03-21 12:52:44 - {'AidResource': 0, 'TowResource': 0, 'FirefightingResource': 0, 'RescueResource': 0, 'roadPassibility': 1, 'roadLoss': 0, 'casualties': 1, 'emergencyPeriod': 1, 'emergencyType': 1}
2025-03-21 12:58:13 - {'AidResource': 0, 'TowResource': 0, 'FirefightingResource': 0, 'RescueResource': 0, 'roadPassibility': 1, 'roadLoss': 0, 'casualties': 1, 'emergencyPeriod': 1, 'emergencyType': 1}
2025-03-21 13:02:37 - {'AidResource': 0, 'TowResource': 0, 'FirefightingResource': 0, 'RescueResource': 0, 'roadPassibility': 1, 'roadLoss': 0, 'casualties': 1, 'emergencyPeriod': 1, 'emergencyType': 1}
2025-03-21 13:08:15 - {'AidResource': 0, 'TowResource': 0, 'FirefightingResource': 0, 'RescueResource': 0, 'roadPassibility': 1, 'roadLoss': 0, 'casualties': 1, 'emergencyPeriod': 1, 'emergencyType': 1}
2025-03-21 14:18:56 - {'AidResource': 0, 'TowResource': 0, 'FirefightingResource': 0, 'RescueResource': 0, 'roadPassibility': 1, 'roadLoss': 0, 'casualties': 1, 'emergencyPeriod': 1, 'emergencyType': 1}
2025-03-21 14:23:31 - {'AidResource': 0, 'TowResource': 0, 'FirefightingResource': 0, 'RescueResource': 0, 'roadPassibility': 1, 'roadLoss': 0, 'casualties': 1, 'emergencyPeriod': 1, 'emergencyType': 1}
2025-03-21 15:09:38 - {'AidResource': 0, 'TowResource': 0, 'FirefightingResource': 0, 'RescueResource': 0, 'roadPassibility': 1, 'roadLoss': 0, 'casualties': 1, 'emergencyPeriod': 1, 'emergencyType': 1}
2025-03-21 15:16:26 - {'AidResource': 0, 'TowResource': 0, 'FirefightingResource': 0, 'RescueResource': 0, 'roadPassibility': 1, 'roadLoss': 0, 'casualties': 1, 'emergencyPeriod': 1, 'emergencyType': 1}
2025-03-21 15:17:11 - {'AidResource': 0, 'TowResource': 0, 'FirefightingResource': 0, 'RescueResource': 0, 'roadPassibility': 1, 'roadLoss': 0, 'casualties': 1, 'emergencyPeriod': 1, 'emergencyType': 1}
2025-03-21 15:37:14 - {'AidResource': 0, 'TowResource': 0, 'FirefightingResource': 0, 'RescueResource': 0, 'roadPassibility': 1, 'roadLoss': 0, 'casualties': 1, 'emergencyPeriod': 1, 'emergencyType': 1}
2025-03-21 16:02:31 - {'AidResource': 0, 'TowResource': 0, 'FirefightingResource': 0, 'RescueResource': 0, 'roadPassibility': 1, 'roadLoss': 0, 'casualties': 1, 'emergencyPeriod': 1, 'emergencyType': 1}
2025-03-21 16:05:36 - {'AidResource': 0, 'TowResource': 0, 'FirefightingResource': 0, 'RescueResource': 0, 'roadPassibility': 1, 'roadLoss': 0, 'casualties': 1, 'emergencyPeriod': 1, 'emergencyType': 1}
2025-03-21 16:07:30 - {'AidResource': 0, 'TowResource': 0, 'FirefightingResource': 0, 'RescueResource': 0, 'roadPassibility': 1, 'roadLoss': 0, 'casualties': 1, 'emergencyPeriod': 1, 'emergencyType': 1}
2025-03-21 16:09:24 - {'AidResource': 0, 'TowResource': 0, 'FirefightingResource': 0, 'RescueResource': 0, 'roadPassibility': 1, 'roadLoss': 0, 'casualties': 1, 'emergencyPeriod': 1, 'emergencyType': 1}
2025-03-21 16:29:08 - {'AidResource': 0, 'TowResource': 0, 'FirefightingResource': 0, 'RescueResource': 0, 'casualties': 0, 'emergencyType': 2}
2025-03-21 16:37:32 - {'AidResource': 0, 'TowResource': 0, 'FirefightingResource': 0, 'RescueResource': 0, 'casualties': 0, 'emergencyType': 2}
2025-03-21 16:39:25 - {'AidResource': 0, 'TowResource': 0, 'FirefightingResource': 0, 'RescueResource': 0, 'casualties': 0, 'emergencyType': 2}
2025-03-21 16:39:58 - {'AidResource': 0, 'TowResource': 0, 'FirefightingResource': 0, 'RescueResource': 0, 'casualties': 0, 'emergencyType': 2}
2025-03-21 16:42:29 - {'AidResource': 0, 'TowResource': 0, 'FirefightingResource': 0, 'RescueResource': 0, 'casualties': 0, 'emergencyType': 2}
2025-03-21 16:44:11 - {'AidResource': 0, 'TowResource': 0, 'FirefightingResource': 0, 'RescueResource': 0, 'casualties': 0, 'emergencyType': 2}
2025-03-21 16:45:34 - {'AidResource': 0, 'TowResource': 0, 'FirefightingResource': 0, 'RescueResource': 0, 'casualties': 0, 'emergencyType': 2}
2025-03-21 16:46:10 - {'AidResource': 0, 'TowResource': 0, 'FirefightingResource': 0, 'RescueResource': 0, 'casualties': 0, 'emergencyType': 2}
2025-03-21 16:46:45 - {'AidResource': 1, 'TowResource': 0, 'FirefightingResource': 0, 'RescueResource': 0, 'casualties': 0, 'emergencyType': 2, 'disposalDuration': 0}
2025-03-21 16:46:54 - {'AidResource': 1, 'TowResource': 0, 'FirefightingResource': 0, 'RescueResource': 0, 'casualties': 0, 'emergencyType': 2, 'disposalDuration': 0}
2025-03-21 16:46:55 - {'AidResource': 1, 'TowResource': 0, 'FirefightingResource': 0, 'RescueResource': 0, 'casualties': 0, 'emergencyType': 2, 'disposalDuration': 0}
2025-03-21 16:49:04 - {'AidResource': 0, 'TowResource': 0, 'FirefightingResource': 0, 'RescueResource': 0, 'casualties': 0, 'emergencyType': 2}
2025-03-21 16:49:55 - {'AidResource': 1, 'TowResource': 0, 'FirefightingResource': 0, 'RescueResource': 0, 'casualties': 0, 'emergencyType': 2, 'disposalDuration': 0}
2025-03-21 16:49:57 - {'AidResource': 1, 'TowResource': 0, 'FirefightingResource': 0, 'RescueResource': 0, 'casualties': 0, 'emergencyType': 2, 'disposalDuration': 0}
2025-03-21 16:52:14 - {'AidResource': 0, 'TowResource': 0, 'FirefightingResource': 0, 'RescueResource': 0, 'casualties': 0, 'emergencyType': 2}
2025-03-21 16:52:28 - {'AidResource': 1, 'TowResource': 0, 'FirefightingResource': 0, 'RescueResource': 0, 'casualties': 0, 'emergencyType': 2, 'disposalDuration': 0}
2025-03-21 16:52:29 - {'AidResource': 1, 'TowResource': 0, 'FirefightingResource': 0, 'RescueResource': 0, 'casualties': 0, 'emergencyType': 2, 'disposalDuration': 0}
2025-03-21 16:54:03 - {'AidResource': 0, 'TowResource': 0, 'FirefightingResource': 0, 'RescueResource': 0, 'casualties': 0, 'emergencyType': 2}
2025-03-21 16:54:09 - {'AidResource': 1, 'TowResource': 0, 'FirefightingResource': 0, 'RescueResource': 0, 'casualties': 0, 'emergencyType': 2, 'disposalDuration': 0}
2025-03-21 16:54:11 - {'AidResource': 1, 'TowResource': 0, 'FirefightingResource': 0, 'RescueResource': 0, 'casualties': 0, 'emergencyType': 2, 'disposalDuration': 0}
2025-03-21 16:57:38 - {'AidResource': 0, 'TowResource': 0, 'FirefightingResource': 0, 'RescueResource': 0, 'casualties': 0, 'emergencyType': 2}
2025-03-21 16:57:45 - {'AidResource': 1, 'TowResource': 0, 'FirefightingResource': 0, 'RescueResource': 0, 'casualties': 0, 'emergencyType': 2, 'disposalDuration': 0}
2025-03-21 16:57:47 - {'AidResource': 1, 'TowResource': 0, 'FirefightingResource': 0, 'RescueResource': 0, 'casualties': 0, 'emergencyType': 2, 'disposalDuration': 0}
2025-03-21 16:59:31 - {'AidResource': 0, 'TowResource': 0, 'FirefightingResource': 0, 'RescueResource': 0, 'casualties': 0, 'emergencyType': 2}
2025-03-21 17:01:54 - {'AidResource': 0, 'TowResource': 0, 'FirefightingResource': 0, 'RescueResource': 0, 'casualties': 0, 'emergencyType': 2}
2025-03-21 17:02:25 - {'AidResource': 0, 'TowResource': 0, 'FirefightingResource': 0, 'RescueResource': 0, 'roadPassibility': 1, 'roadLoss': 0, 'casualties': 0, 'emergencyType': 2}
2025-03-21 17:02:45 - {'AidResource': 1, 'TowResource': 0, 'FirefightingResource': 0, 'RescueResource': 0, 'roadPassibility': 1, 'roadLoss': 0, 'casualties': 0, 'emergencyType': 2, 'disposalDuration': 0}
2025-03-21 17:02:52 - {'AidResource': 1, 'TowResource': 0, 'FirefightingResource': 0, 'RescueResource': 0, 'roadPassibility': 1, 'roadLoss': 0, 'casualties': 0, 'emergencyType': 2, 'disposalDuration': 0}
2025-03-21 17:02:53 - {'AidResource': 1, 'TowResource': 0, 'FirefightingResource': 0, 'RescueResource': 0, 'roadPassibility': 1, 'roadLoss': 0, 'casualties': 0, 'emergencyType': 2, 'disposalDuration': 0}
2025-03-21 17:13:42 - {'AidResource': 0, 'TowResource': 0, 'FirefightingResource': 0, 'RescueResource': 0, 'roadPassibility': 1, 'roadLoss': 0, 'casualties': 0, 'emergencyPeriod': 1, 'emergencyType': 2}
2025-03-21 17:14:18 - {'AidResource': 1, 'TowResource': 1, 'FirefightingResource': 0, 'RescueResource': 0, 'roadPassibility': 1, 'roadLoss': 0, 'casualties': 0, 'emergencyPeriod': 1, 'emergencyType': 2, 'disposalDuration': 0, 'responseDuration': 3}
2025-03-21 17:14:44 - {'AidResource': 1, 'TowResource': 1, 'FirefightingResource': 0, 'RescueResource': 0, 'roadPassibility': 1, 'roadLoss': 0, 'casualties': 0, 'emergencyPeriod': 1, 'emergencyType': 2, 'disposalDuration': 0, 'responseDuration': 3}
2025-03-21 17:14:47 - {'AidResource': 1, 'TowResource': 1, 'FirefightingResource': 0, 'RescueResource': 0, 'roadPassibility': 1, 'roadLoss': 0, 'casualties': 0, 'emergencyPeriod': 1, 'emergencyType': 2, 'disposalDuration': 0, 'responseDuration': 3}
2025-03-21 17:14:49 - {'AidResource': 1, 'TowResource': 1, 'FirefightingResource': 0, 'RescueResource': 0, 'roadPassibility': 1, 'roadLoss': 0, 'casualties': 0, 'emergencyPeriod': 1, 'emergencyType': 2, 'disposalDuration': 0, 'responseDuration': 3}
2025-03-21 17:18:25 - {'AidResource': 0, 'TowResource': 0, 'FirefightingResource': 0, 'RescueResource': 0, 'roadPassibility': 1, 'roadLoss': 0, 'casualties': 0, 'emergencyPeriod': 1, 'emergencyType': 2}
2025-03-21 17:18:42 - {'AidResource': 1, 'TowResource': 1, 'FirefightingResource': 0, 'RescueResource': 0, 'roadPassibility': 1, 'roadLoss': 0, 'casualties': 0, 'emergencyPeriod': 1, 'emergencyType': 2, 'disposalDuration': 0, 'responseDuration': 3}
2025-03-21 17:18:47 - {'AidResource': 1, 'TowResource': 1, 'FirefightingResource': 0, 'RescueResource': 0, 'roadPassibility': 1, 'roadLoss': 0, 'casualties': 0, 'emergencyPeriod': 1, 'emergencyType': 2, 'disposalDuration': 0, 'responseDuration': 3}
2025-03-21 17:18:49 - {'AidResource': 1, 'TowResource': 1, 'FirefightingResource': 0, 'RescueResource': 0, 'roadPassibility': 1, 'roadLoss': 0, 'casualties': 0, 'emergencyPeriod': 1, 'emergencyType': 2, 'disposalDuration': 0, 'responseDuration': 3}
2025-03-21 17:23:28 - {'AidResource': 0, 'TowResource': 0, 'FirefightingResource': 0, 'RescueResource': 0, 'roadPassibility': 1, 'roadLoss': 0, 'casualties': 0, 'emergencyPeriod': 1, 'emergencyType': 2}
2025-03-21 17:23:45 - {'AidResource': 1, 'TowResource': 1, 'FirefightingResource': 0, 'RescueResource': 0, 'roadPassibility': 1, 'roadLoss': 0, 'casualties': 0, 'emergencyPeriod': 1, 'emergencyType': 2, 'disposalDuration': 0, 'responseDuration': 3}
2025-03-21 17:23:48 - {'AidResource': 1, 'TowResource': 1, 'FirefightingResource': 0, 'RescueResource': 0, 'roadPassibility': 1, 'roadLoss': 0, 'casualties': 0, 'emergencyPeriod': 1, 'emergencyType': 2, 'disposalDuration': 0, 'responseDuration': 3}
2025-03-21 17:23:49 - {'AidResource': 1, 'TowResource': 1, 'FirefightingResource': 0, 'RescueResource': 0, 'roadPassibility': 1, 'roadLoss': 0, 'casualties': 0, 'emergencyPeriod': 1, 'emergencyType': 2, 'disposalDuration': 0, 'responseDuration': 3}
2025-03-21 17:26:35 - {'AidResource': 0, 'TowResource': 0, 'FirefightingResource': 0, 'RescueResource': 0, 'roadPassibility': 1, 'roadLoss': 0, 'casualties': 0, 'emergencyPeriod': 1, 'emergencyType': 2}
2025-03-21 17:26:52 - {'AidResource': 1, 'TowResource': 1, 'FirefightingResource': 0, 'RescueResource': 0, 'roadPassibility': 1, 'roadLoss': 0, 'casualties': 0, 'emergencyPeriod': 1, 'emergencyType': 2, 'disposalDuration': 0, 'responseDuration': 2}
2025-03-21 17:26:55 - {'AidResource': 1, 'TowResource': 1, 'FirefightingResource': 0, 'RescueResource': 0, 'roadPassibility': 1, 'roadLoss': 0, 'casualties': 0, 'emergencyPeriod': 1, 'emergencyType': 2, 'disposalDuration': 0, 'responseDuration': 2}
2025-03-21 17:26:57 - {'AidResource': 1, 'TowResource': 1, 'FirefightingResource': 0, 'RescueResource': 0, 'roadPassibility': 1, 'roadLoss': 0, 'casualties': 0, 'emergencyPeriod': 1, 'emergencyType': 2, 'disposalDuration': 0, 'responseDuration': 2}
2025-03-21 17:28:20 - {'AidResource': 0, 'TowResource': 0, 'FirefightingResource': 0, 'RescueResource': 0, 'roadPassibility': 1, 'roadLoss': 0, 'casualties': 0, 'emergencyPeriod': 1, 'emergencyType': 2}
2025-03-21 17:28:37 - {'AidResource': 1, 'TowResource': 1, 'FirefightingResource': 0, 'RescueResource': 0, 'roadPassibility': 1, 'roadLoss': 0, 'casualties': 0, 'emergencyPeriod': 1, 'emergencyType': 2, 'disposalDuration': 0, 'responseDuration': 2}
2025-03-21 17:28:40 - {'AidResource': 1, 'TowResource': 1, 'FirefightingResource': 0, 'RescueResource': 0, 'roadPassibility': 1, 'roadLoss': 0, 'casualties': 0, 'emergencyPeriod': 1, 'emergencyType': 2, 'disposalDuration': 0, 'responseDuration': 2}
2025-03-21 17:28:42 - {'AidResource': 1, 'TowResource': 1, 'FirefightingResource': 0, 'RescueResource': 0, 'roadPassibility': 1, 'roadLoss': 0, 'casualties': 0, 'emergencyPeriod': 1, 'emergencyType': 2, 'disposalDuration': 0, 'responseDuration': 2}
2025-03-21 17:29:50 - {'AidResource': 0, 'TowResource': 0, 'FirefightingResource': 0, 'RescueResource': 0, 'roadPassibility': 1, 'roadLoss': 0, 'casualties': 0, 'emergencyPeriod': 1, 'emergencyType': 2}
2025-03-21 17:54:07 - {'AidResource': 0, 'TowResource': 0, 'FirefightingResource': 0, 'RescueResource': 0, 'roadPassibility': 1, 'roadLoss': 0, 'casualties': 0, 'emergencyPeriod': 1, 'emergencyType': 2}
2025-03-22 15:58:12 - {'AidResource': 0, 'TowResource': 0, 'FirefightingResource': 0, 'RescueResource': 0, 'roadPassibility': 1, 'roadLoss': 0, 'casualties': 0, 'emergencyPeriod': 1, 'emergencyType': 2}
2025-03-22 16:00:37 - {'AidResource': 0, 'TowResource': 0, 'FirefightingResource': 0, 'RescueResource': 0, 'roadPassibility': 1, 'roadLoss': 0, 'casualties': 0, 'emergencyPeriod': 1, 'emergencyType': 2}
2025-03-22 16:01:27 - {'AidResource': 1, 'TowResource': 0, 'FirefightingResource': 0, 'RescueResource': 0, 'roadPassibility': 1, 'roadLoss': 0, 'casualties': 0, 'emergencyPeriod': 1, 'emergencyType': 2, 'disposalDuration': 0, 'responseDuration': 2}
2025-03-22 16:01:34 - {'AidResource': 1, 'TowResource': 0, 'FirefightingResource': 0, 'RescueResource': 0, 'roadPassibility': 1, 'roadLoss': 0, 'casualties': 0, 'emergencyPeriod': 1, 'emergencyType': 2, 'disposalDuration': 0, 'responseDuration': 2}
2025-03-22 16:01:36 - {'AidResource': 1, 'TowResource': 0, 'FirefightingResource': 0, 'RescueResource': 0, 'roadPassibility': 1, 'roadLoss': 0, 'casualties': 0, 'emergencyPeriod': 1, 'emergencyType': 2, 'disposalDuration': 0, 'responseDuration': 2}
2025-03-22 17:37:39 - {'AidResource': 0, 'TowResource': 0, 'FirefightingResource': 0, 'RescueResource': 0, 'roadPassibility': 1, 'roadLoss': 0, 'casualties': 0, 'emergencyPeriod': 1, 'emergencyType': 2}
2025-03-22 17:44:05 - {'AidResource': 0, 'TowResource': 0, 'FirefightingResource': 0, 'RescueResource': 0, 'roadPassibility': 1, 'roadLoss': 0, 'casualties': 0, 'emergencyPeriod': 1, 'emergencyType': 2}
2025-03-22 18:14:36 - {'AidResource': 0, 'TowResource': 0, 'FirefightingResource': 0, 'RescueResource': 0, 'roadPassibility': 1, 'roadLoss': 0, 'casualties': 0, 'emergencyPeriod': 1, 'emergencyType': 2}
2025-03-22 18:14:55 - {'AidResource': 1, 'TowResource': 1, 'FirefightingResource': 0, 'RescueResource': 0, 'roadPassibility': 1, 'roadLoss': 0, 'casualties': 0, 'emergencyPeriod': 1, 'emergencyType': 2, 'disposalDuration': 0, 'responseDuration': 2}
2025-03-22 18:14:58 - {'AidResource': 1, 'TowResource': 1, 'FirefightingResource': 0, 'RescueResource': 0, 'roadPassibility': 1, 'roadLoss': 0, 'casualties': 0, 'emergencyPeriod': 1, 'emergencyType': 2, 'disposalDuration': 0, 'responseDuration': 2}
2025-03-22 18:14:59 - {'AidResource': 1, 'TowResource': 1, 'FirefightingResource': 0, 'RescueResource': 0, 'roadPassibility': 1, 'roadLoss': 0, 'casualties': 0, 'emergencyPeriod': 1, 'emergencyType': 2, 'disposalDuration': 0, 'responseDuration': 2}
2025-03-22 18:49:50 - {'AidResource': 0, 'TowResource': 0, 'FirefightingResource': 0, 'RescueResource': 0, 'roadPassibility': 1, 'roadLoss': 1, 'casualties': 0, 'emergencyPeriod': 1, 'emergencyType': 2}
2025-03-22 18:53:00 - {'AidResource': 1, 'TowResource': 1, 'FirefightingResource': 0, 'RescueResource': 0, 'roadPassibility': 1, 'roadLoss': 1, 'casualties': 0, 'emergencyPeriod': 1, 'emergencyType': 2, 'disposalDuration': 0, 'responseDuration': 2}
2025-03-22 18:53:14 - {'AidResource': 1, 'TowResource': 1, 'FirefightingResource': 0, 'RescueResource': 0, 'roadPassibility': 1, 'roadLoss': 1, 'casualties': 0, 'emergencyPeriod': 1, 'emergencyType': 2, 'disposalDuration': 0, 'responseDuration': 2}
2025-03-22 18:53:22 - {'AidResource': 1, 'TowResource': 0, 'FirefightingResource': 0, 'RescueResource': 0, 'roadPassibility': 1, 'roadLoss': 1, 'casualties': 0, 'emergencyPeriod': 1, 'emergencyType': 2, 'disposalDuration': 0, 'responseDuration': 2}
2025-03-22 18:53:29 - {'AidResource': 1, 'TowResource': 0, 'FirefightingResource': 0, 'RescueResource': 0, 'roadPassibility': 1, 'roadLoss': 1, 'casualties': 0, 'emergencyPeriod': 1, 'emergencyType': 2, 'disposalDuration': 0, 'responseDuration': 2}
2025-03-22 18:53:30 - {'AidResource': 1, 'TowResource': 0, 'FirefightingResource': 0, 'RescueResource': 0, 'roadPassibility': 1, 'roadLoss': 1, 'casualties': 0, 'emergencyPeriod': 1, 'emergencyType': 2, 'disposalDuration': 0, 'responseDuration': 2}
2025-03-22 19:08:55 - {'AidResource': 0, 'TowResource': 0, 'FirefightingResource': 0, 'RescueResource': 0, 'roadPassibility': 1, 'roadLoss': 1, 'casualties': 0, 'emergencyPeriod': 1, 'emergencyType': 2}
2025-03-22 19:10:03 - {'AidResource': 1, 'TowResource': 0, 'FirefightingResource': 0, 'RescueResource': 0, 'roadPassibility': 1, 'roadLoss': 1, 'casualties': 0, 'emergencyPeriod': 1, 'emergencyType': 2, 'disposalDuration': 0, 'responseDuration': 2}
2025-03-22 19:10:16 - {'AidResource': 1, 'TowResource': 0, 'FirefightingResource': 0, 'RescueResource': 0, 'roadPassibility': 1, 'roadLoss': 1, 'casualties': 0, 'emergencyPeriod': 1, 'emergencyType': 2, 'disposalDuration': 0, 'responseDuration': 2}
2025-03-22 19:10:21 - {'AidResource': 1, 'TowResource': 0, 'FirefightingResource': 0, 'RescueResource': 0, 'roadPassibility': 1, 'roadLoss': 1, 'casualties': 0, 'emergencyPeriod': 1, 'emergencyType': 2, 'disposalDuration': 0, 'responseDuration': 2}
2025-03-22 19:10:23 - {'AidResource': 1, 'TowResource': 0, 'FirefightingResource': 0, 'RescueResource': 0, 'roadPassibility': 1, 'roadLoss': 1, 'casualties': 0, 'emergencyPeriod': 1, 'emergencyType': 2, 'disposalDuration': 0, 'responseDuration': 2}
2025-03-22 19:10:25 - {'AidResource': 1, 'TowResource': 0, 'FirefightingResource': 0, 'RescueResource': 0, 'roadPassibility': 1, 'roadLoss': 1, 'casualties': 0, 'emergencyPeriod': 1, 'emergencyType': 2, 'disposalDuration': 0, 'responseDuration': 2}
2025-03-22 19:10:26 - {'AidResource': 1, 'TowResource': 0, 'FirefightingResource': 0, 'RescueResource': 0, 'roadPassibility': 1, 'roadLoss': 1, 'casualties': 0, 'emergencyPeriod': 1, 'emergencyType': 2, 'disposalDuration': 0, 'responseDuration': 2}
2025-03-22 19:10:28 - {'AidResource': 1, 'TowResource': 0, 'FirefightingResource': 0, 'RescueResource': 0, 'roadPassibility': 1, 'roadLoss': 1, 'casualties': 0, 'emergencyPeriod': 1, 'emergencyType': 2, 'disposalDuration': 0, 'responseDuration': 2}
2025-03-22 19:10:29 - {'AidResource': 1, 'TowResource': 0, 'FirefightingResource': 0, 'RescueResource': 0, 'roadPassibility': 1, 'roadLoss': 1, 'casualties': 0, 'emergencyPeriod': 1, 'emergencyType': 2, 'disposalDuration': 0, 'responseDuration': 2}
2025-03-22 19:10:30 - {'AidResource': 1, 'TowResource': 0, 'FirefightingResource': 0, 'RescueResource': 0, 'roadPassibility': 1, 'roadLoss': 1, 'casualties': 0, 'emergencyPeriod': 1, 'emergencyType': 2, 'disposalDuration': 0, 'responseDuration': 2}
2025-03-22 19:10:32 - {'AidResource': 1, 'TowResource': 1, 'FirefightingResource': 0, 'RescueResource': 0, 'roadPassibility': 1, 'roadLoss': 1, 'casualties': 0, 'emergencyPeriod': 1, 'emergencyType': 2, 'disposalDuration': 0, 'responseDuration': 2}
2025-03-22 19:10:58 - {'AidResource': 1, 'TowResource': 1, 'FirefightingResource': 0, 'RescueResource': 0, 'roadPassibility': 1, 'roadLoss': 1, 'casualties': 0, 'emergencyPeriod': 1, 'emergencyType': 2, 'disposalDuration': 0, 'responseDuration': 2}
2025-03-22 19:12:40 - {'AidResource': 1, 'TowResource': 0, 'FirefightingResource': 0, 'RescueResource': 0, 'roadPassibility': 1, 'roadLoss': 1, 'casualties': 0, 'emergencyPeriod': 1, 'emergencyType': 2, 'disposalDuration': 0, 'responseDuration': 2}
2025-03-22 19:12:48 - {'AidResource': 1, 'TowResource': 0, 'FirefightingResource': 0, 'RescueResource': 0, 'roadPassibility': 1, 'roadLoss': 1, 'casualties': 0, 'emergencyPeriod': 1, 'emergencyType': 2, 'disposalDuration': 0, 'responseDuration': 2}
2025-03-22 19:12:49 - {'AidResource': 1, 'TowResource': 0, 'FirefightingResource': 0, 'RescueResource': 0, 'roadPassibility': 1, 'roadLoss': 1, 'casualties': 0, 'emergencyPeriod': 1, 'emergencyType': 2, 'disposalDuration': 0, 'responseDuration': 2}
2025-03-22 19:22:59 - {'AidResource': 0, 'TowResource': 0, 'FirefightingResource': 0, 'RescueResource': 0, 'roadPassibility': 1, 'roadLoss': 1, 'casualties': 0, 'emergencyPeriod': 1, 'emergencyType': 2}
2025-03-22 19:23:54 - {'AidResource': 1, 'TowResource': 0, 'FirefightingResource': 0, 'RescueResource': 0, 'roadPassibility': 1, 'roadLoss': 1, 'casualties': 0, 'emergencyPeriod': 1, 'emergencyType': 2, 'disposalDuration': 0, 'responseDuration': 2}
2025-03-22 19:24:02 - {'AidResource': 1, 'TowResource': 0, 'FirefightingResource': 0, 'RescueResource': 0, 'roadPassibility': 1, 'roadLoss': 1, 'casualties': 0, 'emergencyPeriod': 1, 'emergencyType': 2, 'disposalDuration': 0, 'responseDuration': 2}
2025-03-22 19:24:04 - {'AidResource': 1, 'TowResource': 0, 'FirefightingResource': 0, 'RescueResource': 0, 'roadPassibility': 1, 'roadLoss': 1, 'casualties': 0, 'emergencyPeriod': 1, 'emergencyType': 2, 'disposalDuration': 0, 'responseDuration': 2}
2025-03-22 19:24:48 - {'AidResource': 1, 'TowResource': 1, 'FirefightingResource': 0, 'RescueResource': 1, 'roadPassibility': 1, 'roadLoss': 1, 'casualties': 0, 'emergencyPeriod': 1, 'emergencyType': 2, 'disposalDuration': 0, 'responseDuration': 2}
2025-03-22 19:32:18 - {'AidResource': 0, 'TowResource': 0, 'FirefightingResource': 0, 'RescueResource': 0, 'roadPassibility': 1, 'roadLoss': 1, 'casualties': 0, 'emergencyPeriod': 1, 'emergencyType': 2}
2025-03-22 19:49:25 - {'AidResource': 0, 'TowResource': 0, 'FirefightingResource': 0, 'RescueResource': 0, 'roadPassibility': 1, 'roadLoss': 1, 'casualties': 0, 'emergencyPeriod': 1, 'emergencyType': 2}
2025-03-22 19:50:17 - {'AidResource': 1, 'TowResource': 0, 'FirefightingResource': 0, 'RescueResource': 0, 'roadPassibility': 1, 'roadLoss': 1, 'casualties': 0, 'emergencyPeriod': 1, 'emergencyType': 2, 'disposalDuration': 0, 'responseDuration': 1}
2025-03-22 19:50:46 - {'AidResource': 1, 'TowResource': 0, 'FirefightingResource': 0, 'RescueResource': 0, 'roadPassibility': 1, 'roadLoss': 1, 'casualties': 0, 'emergencyPeriod': 1, 'emergencyType': 2, 'disposalDuration': 0, 'responseDuration': 1}
2025-03-22 19:50:48 - {'AidResource': 1, 'TowResource': 0, 'FirefightingResource': 0, 'RescueResource': 0, 'roadPassibility': 1, 'roadLoss': 1, 'casualties': 0, 'emergencyPeriod': 1, 'emergencyType': 2, 'disposalDuration': 0, 'responseDuration': 1}
2025-03-22 19:59:50 - {'AidResource': 0, 'TowResource': 0, 'FirefightingResource': 0, 'RescueResource': 0, 'roadPassibility': 1, 'roadLoss': 1, 'casualties': 0, 'emergencyPeriod': 1, 'emergencyType': 2}
2025-03-22 20:00:35 - {'AidResource': 1, 'TowResource': 0, 'FirefightingResource': 0, 'RescueResource': 0, 'roadPassibility': 1, 'roadLoss': 1, 'casualties': 0, 'emergencyPeriod': 1, 'emergencyType': 2, 'disposalDuration': 0, 'responseDuration': 1}
2025-03-22 20:00:43 - {'AidResource': 1, 'TowResource': 0, 'FirefightingResource': 0, 'RescueResource': 0, 'roadPassibility': 1, 'roadLoss': 1, 'casualties': 0, 'emergencyPeriod': 1, 'emergencyType': 2, 'disposalDuration': 0, 'responseDuration': 1}
2025-03-22 20:00:45 - {'AidResource': 1, 'TowResource': 0, 'FirefightingResource': 0, 'RescueResource': 0, 'roadPassibility': 1, 'roadLoss': 1, 'casualties': 0, 'emergencyPeriod': 1, 'emergencyType': 2, 'disposalDuration': 0, 'responseDuration': 1}
2025-03-22 20:01:18 - {'AidResource': 1, 'TowResource': 1, 'FirefightingResource': 0, 'RescueResource': 0, 'roadPassibility': 1, 'roadLoss': 1, 'casualties': 0, 'emergencyPeriod': 1, 'emergencyType': 2, 'disposalDuration': 0, 'responseDuration': 3}
2025-03-22 20:05:13 - {'AidResource': 1, 'TowResource': 0, 'FirefightingResource': 0, 'RescueResource': 0, 'roadPassibility': 1, 'roadLoss': 1, 'casualties': 0, 'emergencyPeriod': 1, 'emergencyType': 2, 'disposalDuration': 0, 'responseDuration': 1}
2025-03-22 20:05:21 - {'AidResource': 1, 'TowResource': 0, 'FirefightingResource': 0, 'RescueResource': 0, 'roadPassibility': 1, 'roadLoss': 1, 'casualties': 0, 'emergencyPeriod': 1, 'emergencyType': 2, 'disposalDuration': 0, 'responseDuration': 1}
2025-03-22 20:05:22 - {'AidResource': 1, 'TowResource': 0, 'FirefightingResource': 0, 'RescueResource': 0, 'roadPassibility': 1, 'roadLoss': 1, 'casualties': 0, 'emergencyPeriod': 1, 'emergencyType': 2, 'disposalDuration': 0, 'responseDuration': 1}
2025-03-22 20:05:55 - {'AidResource': 0, 'TowResource': 0, 'FirefightingResource': 0, 'RescueResource': 0, 'roadPassibility': 1, 'roadLoss': 1, 'casualties': 0, 'emergencyPeriod': 1, 'emergencyType': 2}
2025-03-22 20:26:55 - {'AidResource': 0, 'TowResource': 0, 'FirefightingResource': 0, 'RescueResource': 0, 'roadPassibility': 1, 'roadLoss': 1, 'casualties': 0, 'emergencyPeriod': 1, 'emergencyType': 2}
2025-03-22 20:27:56 - {'AidResource': 1, 'TowResource': 0, 'FirefightingResource': 0, 'RescueResource': 0, 'roadPassibility': 1, 'roadLoss': 1, 'casualties': 0, 'emergencyPeriod': 1, 'emergencyType': 2, 'disposalDuration': 0, 'responseDuration': 2}
2025-03-22 20:28:29 - {'AidResource': 1, 'TowResource': 0, 'FirefightingResource': 0, 'RescueResource': 0, 'roadPassibility': 1, 'roadLoss': 1, 'casualties': 0, 'emergencyPeriod': 1, 'emergencyType': 2, 'disposalDuration': 0, 'responseDuration': 2}
2025-03-22 20:28:30 - {'AidResource': 1, 'TowResource': 0, 'FirefightingResource': 0, 'RescueResource': 0, 'roadPassibility': 1, 'roadLoss': 1, 'casualties': 0, 'emergencyPeriod': 1, 'emergencyType': 2, 'disposalDuration': 0, 'responseDuration': 2}
2025-03-22 20:28:32 - {'AidResource': 1, 'TowResource': 0, 'FirefightingResource': 0, 'RescueResource': 0, 'roadPassibility': 1, 'roadLoss': 1, 'casualties': 0, 'emergencyPeriod': 1, 'emergencyType': 2, 'disposalDuration': 0, 'responseDuration': 2}
2025-03-22 20:29:08 - {'AidResource': 1, 'TowResource': 1, 'FirefightingResource': 0, 'RescueResource': 0, 'roadPassibility': 1, 'roadLoss': 1, 'casualties': 0, 'emergencyPeriod': 1, 'emergencyType': 2, 'disposalDuration': 0, 'responseDuration': 3}
2025-03-22 20:47:25 - {'AidResource': 0, 'TowResource': 0, 'FirefightingResource': 0, 'RescueResource': 0, 'roadPassibility': 1, 'roadLoss': 1, 'casualties': 0, 'emergencyPeriod': 1, 'emergencyType': 2}
2025-03-22 20:48:09 - {'AidResource': 1, 'TowResource': 0, 'FirefightingResource': 0, 'RescueResource': 0, 'roadPassibility': 1, 'roadLoss': 1, 'casualties': 0, 'emergencyPeriod': 1, 'emergencyType': 2, 'disposalDuration': 0, 'responseDuration': 2}
2025-03-22 20:49:39 - {'AidResource': 1, 'TowResource': 0, 'FirefightingResource': 0, 'RescueResource': 0, 'roadPassibility': 1, 'roadLoss': 1, 'casualties': 0, 'emergencyPeriod': 1, 'emergencyType': 2, 'disposalDuration': 0, 'responseDuration': 2}
2025-03-22 20:49:48 - {'AidResource': 1, 'TowResource': 0, 'FirefightingResource': 0, 'RescueResource': 0, 'roadPassibility': 1, 'roadLoss': 1, 'casualties': 0, 'emergencyPeriod': 1, 'emergencyType': 2, 'disposalDuration': 0, 'responseDuration': 2}
2025-03-22 20:49:50 - {'AidResource': 1, 'TowResource': 0, 'FirefightingResource': 0, 'RescueResource': 0, 'roadPassibility': 1, 'roadLoss': 1, 'casualties': 0, 'emergencyPeriod': 1, 'emergencyType': 2, 'disposalDuration': 0, 'responseDuration': 2}
2025-03-22 20:49:57 - {'AidResource': 1, 'TowResource': 0, 'FirefightingResource': 0, 'RescueResource': 0, 'roadPassibility': 1, 'roadLoss': 1, 'casualties': 0, 'emergencyPeriod': 1, 'emergencyType': 2, 'disposalDuration': 0, 'responseDuration': 2}
2025-03-22 20:51:01 - {'AidResource': 0, 'TowResource': 0, 'FirefightingResource': 0, 'RescueResource': 0, 'roadPassibility': 1, 'roadLoss': 1, 'casualties': 0, 'emergencyPeriod': 1, 'emergencyType': 2}
2025-03-22 20:51:51 - {'AidResource': 1, 'TowResource': 0, 'FirefightingResource': 0, 'RescueResource': 0, 'roadPassibility': 1, 'roadLoss': 1, 'casualties': 0, 'emergencyPeriod': 1, 'emergencyType': 2, 'disposalDuration': 0, 'responseDuration': 2}
2025-03-22 20:51:58 - {'AidResource': 1, 'TowResource': 0, 'FirefightingResource': 0, 'RescueResource': 0, 'roadPassibility': 1, 'roadLoss': 1, 'casualties': 0, 'emergencyPeriod': 1, 'emergencyType': 2, 'disposalDuration': 0, 'responseDuration': 2}
2025-03-22 20:52:00 - {'AidResource': 1, 'TowResource': 0, 'FirefightingResource': 0, 'RescueResource': 0, 'roadPassibility': 1, 'roadLoss': 1, 'casualties': 0, 'emergencyPeriod': 1, 'emergencyType': 2, 'disposalDuration': 0, 'responseDuration': 1}
2025-03-22 21:02:31 - {'AidResource': 0, 'TowResource': 0, 'FirefightingResource': 0, 'RescueResource': 0, 'roadPassibility': 1, 'roadLoss': 1, 'casualties': 0, 'emergencyPeriod': 1, 'emergencyType': 2}
2025-03-22 21:03:15 - {'AidResource': 1, 'TowResource': 0, 'FirefightingResource': 0, 'RescueResource': 0, 'roadPassibility': 1, 'roadLoss': 1, 'casualties': 0, 'emergencyPeriod': 1, 'emergencyType': 2, 'disposalDuration': 0, 'responseDuration': 1}
2025-03-22 21:03:24 - {'AidResource': 1, 'TowResource': 0, 'FirefightingResource': 0, 'RescueResource': 0, 'roadPassibility': 1, 'roadLoss': 1, 'casualties': 0, 'emergencyPeriod': 1, 'emergencyType': 2, 'disposalDuration': 0, 'responseDuration': 1}
2025-03-22 21:03:27 - {'AidResource': 1, 'TowResource': 0, 'FirefightingResource': 0, 'RescueResource': 0, 'roadPassibility': 1, 'roadLoss': 1, 'casualties': 0, 'emergencyPeriod': 1, 'emergencyType': 2, 'disposalDuration': 0, 'responseDuration': 1}
2025-03-22 21:03:57 - {'AidResource': 1, 'TowResource': 1, 'FirefightingResource': 0, 'RescueResource': 0, 'roadPassibility': 1, 'roadLoss': 1, 'casualties': 0, 'emergencyPeriod': 1, 'emergencyType': 2, 'disposalDuration': 0, 'responseDuration': 3}
2025-03-22 21:10:36 - {'AidResource': 1, 'TowResource': 1, 'FirefightingResource': 0, 'RescueResource': 1, 'roadPassibility': 1, 'roadLoss': 1, 'casualties': 0, 'emergencyPeriod': 1, 'emergencyType': 2, 'disposalDuration': 0, 'responseDuration': 2}
2025-03-22 22:27:04 - {'AidResource': 0, 'TowResource': 0, 'FirefightingResource': 0, 'RescueResource': 0, 'roadPassibility': 1, 'roadLoss': 1, 'casualties': 0, 'emergencyPeriod': 1, 'emergencyType': 2}
2025-03-22 22:28:03 - {'AidResource': 1, 'TowResource': 0, 'FirefightingResource': 0, 'RescueResource': 0, 'roadPassibility': 1, 'roadLoss': 1, 'casualties': 0, 'emergencyPeriod': 1, 'emergencyType': 2, 'disposalDuration': 0, 'responseDuration': 1}
2025-03-22 22:28:09 - {'AidResource': 1, 'TowResource': 0, 'FirefightingResource': 0, 'RescueResource': 0, 'roadPassibility': 1, 'roadLoss': 1, 'casualties': 0, 'emergencyPeriod': 1, 'emergencyType': 2, 'disposalDuration': 0, 'responseDuration': 1}
2025-03-22 22:28:17 - {'AidResource': 1, 'TowResource': 0, 'FirefightingResource': 0, 'RescueResource': 0, 'roadPassibility': 1, 'roadLoss': 1, 'casualties': 0, 'emergencyPeriod': 1, 'emergencyType': 2, 'disposalDuration': 0, 'responseDuration': 1}
2025-03-22 22:28:19 - {'AidResource': 1, 'TowResource': 0, 'FirefightingResource': 0, 'RescueResource': 0, 'roadPassibility': 1, 'roadLoss': 1, 'casualties': 0, 'emergencyPeriod': 1, 'emergencyType': 2, 'disposalDuration': 0, 'responseDuration': 1}
2025-03-22 22:28:40 - {'AidResource': 1, 'TowResource': 1, 'FirefightingResource': 0, 'RescueResource': 0, 'roadPassibility': 1, 'roadLoss': 1, 'casualties': 0, 'emergencyPeriod': 1, 'emergencyType': 2, 'disposalDuration': 0, 'responseDuration': 2}
2025-03-22 22:31:35 - {'AidResource': 0, 'TowResource': 0, 'FirefightingResource': 0, 'RescueResource': 0, 'roadPassibility': 1, 'roadLoss': 1, 'casualties': 0, 'emergencyPeriod': 1, 'emergencyType': 2}
2025-03-22 22:54:53 - {'AidResource': 0, 'TowResource': 0, 'FirefightingResource': 0, 'RescueResource': 0, 'roadPassibility': 1, 'roadLoss': 1, 'casualties': 0, 'emergencyPeriod': 1, 'emergencyType': 2}
2025-03-22 22:55:50 - {'AidResource': 1, 'TowResource': 1, 'FirefightingResource': 0, 'RescueResource': 0, 'roadPassibility': 1, 'roadLoss': 1, 'casualties': 0, 'emergencyPeriod': 1, 'emergencyType': 2, 'disposalDuration': 0, 'responseDuration': 1}
2025-03-22 22:55:53 - {'AidResource': 1, 'TowResource': 1, 'FirefightingResource': 0, 'RescueResource': 0, 'roadPassibility': 1, 'roadLoss': 1, 'casualties': 0, 'emergencyPeriod': 1, 'emergencyType': 2, 'disposalDuration': 0, 'responseDuration': 1}
2025-03-22 22:55:55 - {'AidResource': 1, 'TowResource': 1, 'FirefightingResource': 0, 'RescueResource': 0, 'roadPassibility': 1, 'roadLoss': 1, 'casualties': 0, 'emergencyPeriod': 1, 'emergencyType': 2, 'disposalDuration': 0, 'responseDuration': 1}
2025-03-22 22:56:32 - {'AidResource': 1, 'TowResource': 1, 'FirefightingResource': 0, 'RescueResource': 1, 'roadPassibility': 1, 'roadLoss': 1, 'casualties': 0, 'emergencyPeriod': 1, 'emergencyType': 2, 'disposalDuration': 0, 'responseDuration': 3}
2025-03-22 23:00:32 - {'AidResource': 0, 'TowResource': 0, 'FirefightingResource': 0, 'RescueResource': 0, 'roadPassibility': 1, 'roadLoss': 1, 'casualties': 0, 'emergencyPeriod': 1, 'emergencyType': 2}
2025-03-22 23:00:50 - {'AidResource': 1, 'TowResource': 1, 'FirefightingResource': 0, 'RescueResource': 1, 'roadPassibility': 1, 'roadLoss': 1, 'casualties': 0, 'emergencyPeriod': 1, 'emergencyType': 2, 'disposalDuration': 0, 'responseDuration': 3}
2025-03-22 23:00:54 - {'AidResource': 1, 'TowResource': 1, 'FirefightingResource': 0, 'RescueResource': 1, 'roadPassibility': 1, 'roadLoss': 1, 'casualties': 0, 'emergencyPeriod': 1, 'emergencyType': 2, 'disposalDuration': 0, 'responseDuration': 3}
2025-03-22 23:00:57 - {'AidResource': 1, 'TowResource': 1, 'FirefightingResource': 0, 'RescueResource': 1, 'roadPassibility': 1, 'roadLoss': 1, 'casualties': 0, 'emergencyPeriod': 1, 'emergencyType': 2, 'disposalDuration': 0, 'responseDuration': 3}
2025-03-23 02:07:50 - {'AidResource': 0, 'TowResource': 0, 'FirefightingResource': 0, 'RescueResource': 0, 'roadPassibility': 1, 'roadLoss': 1, 'casualties': 0, 'emergencyPeriod': 1, 'emergencyType': 2}
2025-03-23 14:37:49 - {'AidResource': 0, 'TowResource': 0, 'FirefightingResource': 0, 'RescueResource': 0, 'roadPassibility': 1, 'roadLoss': 1, 'casualties': 0, 'emergencyPeriod': 1, 'emergencyType': 2}
2025-03-23 14:38:40 - {'AidResource': 1, 'TowResource': 1, 'FirefightingResource': 0, 'RescueResource': 1, 'roadPassibility': 1, 'roadLoss': 1, 'casualties': 0, 'emergencyPeriod': 1, 'emergencyType': 2, 'disposalDuration': 0, 'responseDuration': 3}
2025-03-23 14:39:53 - {'AidResource': 1, 'TowResource': 1, 'FirefightingResource': 0, 'RescueResource': 1, 'roadPassibility': 1, 'roadLoss': 1, 'casualties': 0, 'emergencyPeriod': 1, 'emergencyType': 2, 'disposalDuration': 0, 'responseDuration': 3}
2025-03-23 14:39:56 - {'AidResource': 1, 'TowResource': 1, 'FirefightingResource': 0, 'RescueResource': 1, 'roadPassibility': 1, 'roadLoss': 1, 'casualties': 0, 'emergencyPeriod': 1, 'emergencyType': 2, 'disposalDuration': 0, 'responseDuration': 3}
2025-03-23 14:39:59 - {'AidResource': 1, 'TowResource': 1, 'FirefightingResource': 0, 'RescueResource': 1, 'roadPassibility': 1, 'roadLoss': 1, 'casualties': 0, 'emergencyPeriod': 1, 'emergencyType': 2, 'disposalDuration': 0, 'responseDuration': 3}
2025-03-23 15:21:18 - {'AidResource': 0, 'TowResource': 0, 'FirefightingResource': 0, 'RescueResource': 0, 'roadPassibility': 1, 'roadLoss': 1, 'casualties': 0, 'emergencyPeriod': 1, 'emergencyType': 2}
2025-03-23 15:23:53 - {'AidResource': 0, 'TowResource': 0, 'FirefightingResource': 0, 'RescueResource': 0, 'roadPassibility': 1, 'roadLoss': 1, 'casualties': 0, 'emergencyPeriod': 1, 'emergencyType': 2}
2025-03-23 15:28:20 - {'AidResource': 0, 'TowResource': 0, 'FirefightingResource': 0, 'RescueResource': 0, 'roadPassibility': 1, 'roadLoss': 1, 'casualties': 0, 'emergencyPeriod': 1, 'emergencyType': 2}
2025-03-23 15:28:47 - {'AidResource': 1, 'TowResource': 0, 'FirefightingResource': 0, 'RescueResource': 0, 'roadPassibility': 1, 'roadLoss': 1, 'casualties': 0, 'emergencyPeriod': 1, 'emergencyType': 2, 'disposalDuration': 0, 'responseDuration': 2}
2025-03-23 15:28:54 - {'AidResource': 1, 'TowResource': 0, 'FirefightingResource': 0, 'RescueResource': 0, 'roadPassibility': 1, 'roadLoss': 1, 'casualties': 0, 'emergencyPeriod': 1, 'emergencyType': 2, 'disposalDuration': 0, 'responseDuration': 2}
2025-03-23 15:28:56 - {'AidResource': 1, 'TowResource': 0, 'FirefightingResource': 0, 'RescueResource': 0, 'roadPassibility': 1, 'roadLoss': 1, 'casualties': 0, 'emergencyPeriod': 1, 'emergencyType': 2, 'disposalDuration': 0, 'responseDuration': 2}
2025-03-23 15:31:02 - {'AidResource': 0, 'TowResource': 0, 'FirefightingResource': 0, 'RescueResource': 0, 'roadPassibility': 1, 'roadLoss': 1, 'casualties': 0, 'emergencyPeriod': 1, 'emergencyType': 2}
2025-03-23 15:35:00 - {'AidResource': 0, 'TowResource': 0, 'FirefightingResource': 0, 'RescueResource': 0, 'roadPassibility': 1, 'roadLoss': 1, 'casualties': 0, 'emergencyPeriod': 1, 'emergencyType': 2}
2025-03-23 15:36:43 - {'AidResource': 1, 'TowResource': 1, 'FirefightingResource': 0, 'RescueResource': 0, 'roadPassibility': 1, 'roadLoss': 1, 'casualties': 0, 'emergencyPeriod': 1, 'emergencyType': 2, 'disposalDuration': 0, 'responseDuration': 2}
2025-03-23 15:36:46 - {'AidResource': 1, 'TowResource': 1, 'FirefightingResource': 0, 'RescueResource': 0, 'roadPassibility': 1, 'roadLoss': 1, 'casualties': 0, 'emergencyPeriod': 1, 'emergencyType': 2, 'disposalDuration': 0, 'responseDuration': 2}
2025-03-23 15:36:47 - {'AidResource': 1, 'TowResource': 1, 'FirefightingResource': 0, 'RescueResource': 0, 'roadPassibility': 1, 'roadLoss': 1, 'casualties': 0, 'emergencyPeriod': 1, 'emergencyType': 2, 'disposalDuration': 0, 'responseDuration': 2}
2025-03-23 15:38:47 - {'AidResource': 0, 'TowResource': 0, 'FirefightingResource': 0, 'RescueResource': 0, 'roadPassibility': 1, 'roadLoss': 1, 'casualties': 0, 'emergencyPeriod': 1, 'emergencyType': 2}
2025-03-23 15:39:16 - {'AidResource': 1, 'TowResource': 0, 'FirefightingResource': 0, 'RescueResource': 0, 'roadPassibility': 1, 'roadLoss': 1, 'casualties': 0, 'emergencyPeriod': 1, 'emergencyType': 2, 'disposalDuration': 0, 'responseDuration': 2}
2025-03-23 15:39:23 - {'AidResource': 1, 'TowResource': 0, 'FirefightingResource': 0, 'RescueResource': 0, 'roadPassibility': 1, 'roadLoss': 1, 'casualties': 0, 'emergencyPeriod': 1, 'emergencyType': 2, 'disposalDuration': 0, 'responseDuration': 2}
2025-03-23 15:39:25 - {'AidResource': 1, 'TowResource': 0, 'FirefightingResource': 0, 'RescueResource': 0, 'roadPassibility': 1, 'roadLoss': 1, 'casualties': 0, 'emergencyPeriod': 1, 'emergencyType': 2, 'disposalDuration': 0, 'responseDuration': 2}
2025-03-23 15:43:16 - {'AidResource': 0, 'TowResource': 0, 'FirefightingResource': 0, 'RescueResource': 0, 'roadPassibility': 1, 'roadLoss': 1, 'casualties': 0, 'emergencyPeriod': 1, 'emergencyType': 2}
2025-03-23 15:46:20 - {'AidResource': 0, 'TowResource': 0, 'FirefightingResource': 0, 'RescueResource': 0, 'roadPassibility': 1, 'roadLoss': 1, 'casualties': 0, 'emergencyPeriod': 1, 'emergencyType': 2}
2025-03-23 15:47:44 - {'AidResource': 0, 'TowResource': 0, 'FirefightingResource': 0, 'RescueResource': 0, 'roadPassibility': 1, 'roadLoss': 1, 'casualties': 0, 'emergencyPeriod': 1, 'emergencyType': 2}
2025-03-23 16:05:48 - {'AidResource': 0, 'TowResource': 0, 'FirefightingResource': 0, 'RescueResource': 0, 'roadPassibility': 1, 'roadLoss': 1, 'casualties': 0, 'emergencyPeriod': 1, 'emergencyType': 2}
2025-03-23 16:07:45 - {'AidResource': 0, 'TowResource': 0, 'FirefightingResource': 0, 'RescueResource': 0, 'roadPassibility': 1, 'roadLoss': 1, 'casualties': 0, 'emergencyPeriod': 1, 'emergencyType': 2}
2025-03-23 23:43:50 - {'AidResource': 0, 'TowResource': 0, 'FirefightingResource': 0, 'RescueResource': 0, 'roadPassibility': 1, 'roadLoss': 0, 'casualties': 0, 'emergencyPeriod': 1, 'emergencyType': 2}
2025-03-23 23:45:39 - {'AidResource': 1, 'TowResource': 0, 'FirefightingResource': 0, 'RescueResource': 0, 'roadPassibility': 1, 'roadLoss': 0, 'casualties': 0, 'emergencyPeriod': 1, 'emergencyType': 2, 'disposalDuration': 0, 'responseDuration': 1}
2025-03-23 23:45:49 - {'AidResource': 1, 'TowResource': 0, 'FirefightingResource': 0, 'RescueResource': 0, 'roadPassibility': 1, 'roadLoss': 0, 'casualties': 0, 'emergencyPeriod': 1, 'emergencyType': 2, 'disposalDuration': 0, 'responseDuration': 1}
2025-03-23 23:45:57 - {'AidResource': 1, 'TowResource': 0, 'FirefightingResource': 0, 'RescueResource': 0, 'roadPassibility': 1, 'roadLoss': 0, 'casualties': 0, 'emergencyPeriod': 1, 'emergencyType': 2, 'disposalDuration': 0, 'responseDuration': 1}
2025-03-23 23:45:59 - {'AidResource': 1, 'TowResource': 0, 'FirefightingResource': 0, 'RescueResource': 0, 'roadPassibility': 1, 'roadLoss': 0, 'casualties': 0, 'emergencyPeriod': 1, 'emergencyType': 2, 'disposalDuration': 0, 'responseDuration': 1}
2025-03-23 15:47:23 - {'AidResource': 0, 'TowResource': 0, 'FirefightingResource': 0, 'RescueResource': 0, 'roadPassibility': 1, 'roadLoss': 0, 'casualties': 0, 'emergencyPeriod': 1, 'emergencyType': 2}
2025-03-23 15:47:36 - {'AidResource': 1, 'TowResource': 0, 'FirefightingResource': 0, 'RescueResource': 0, 'roadPassibility': 1, 'roadLoss': 0, 'casualties': 0, 'emergencyPeriod': 1, 'emergencyType': 2, 'disposalDuration': 0, 'responseDuration': 1}
2025-03-24 13:53:00 - {'AidResource': 0, 'TowResource': 0, 'FirefightingResource': 0, 'RescueResource': 0, 'roadPassibility': 1, 'roadLoss': 0, 'casualties': 0, 'emergencyPeriod': 1, 'emergencyType': 2}
2025-03-30 16:09:03 - {'AidResource': 0, 'TowResource': 0, 'FirefightingResource': 0, 'RescueResource': 0, 'roadPassibility': 1, 'roadLoss': 0, 'casualties': 1, 'emergencyPeriod': 1, 'emergencyType': 2}
2025-03-30 16:10:05 - {'AidResource': 1, 'TowResource': 0, 'FirefightingResource': 0, 'RescueResource': 0, 'roadPassibility': 1, 'roadLoss': 0, 'casualties': 1, 'emergencyPeriod': 1, 'emergencyType': 2, 'disposalDuration': 0, 'responseDuration': 2}
2025-03-30 16:10:12 - {'AidResource': 1, 'TowResource': 0, 'FirefightingResource': 0, 'RescueResource': 0, 'roadPassibility': 1, 'roadLoss': 0, 'casualties': 1, 'emergencyPeriod': 1, 'emergencyType': 2, 'disposalDuration': 0, 'responseDuration': 2}
2025-03-30 16:10:13 - {'AidResource': 1, 'TowResource': 0, 'FirefightingResource': 0, 'RescueResource': 0, 'roadPassibility': 1, 'roadLoss': 0, 'casualties': 1, 'emergencyPeriod': 1, 'emergencyType': 2, 'disposalDuration': 0, 'responseDuration': 2}
2025-03-30 16:11:32 - {'AidResource': 0, 'TowResource': 0, 'FirefightingResource': 0, 'RescueResource': 0, 'roadPassibility': 1, 'roadLoss': 0, 'casualties': 1, 'emergencyPeriod': 1, 'emergencyType': 2}
2025-03-30 16:13:32 - {'AidResource': 1, 'TowResource': 1, 'FirefightingResource': 0, 'RescueResource': 0, 'roadPassibility': 1, 'roadLoss': 0, 'casualties': 1, 'emergencyPeriod': 1, 'emergencyType': 2, 'disposalDuration': 0, 'responseDuration': 2}
2025-03-30 16:33:30 - {'AidResource': 0, 'TowResource': 0, 'FirefightingResource': 0, 'RescueResource': 0, 'roadPassibility': 1, 'roadLoss': 0, 'casualties': 1, 'emergencyPeriod': 1, 'emergencyType': 2}
2025-03-30 17:02:38 - {'AidResource': 0, 'TowResource': 0, 'FirefightingResource': 0, 'RescueResource': 0, 'roadPassibility': 1, 'roadLoss': 0, 'casualties': 1, 'emergencyPeriod': 1, 'emergencyType': 2}
2025-03-31 18:58:41 - {'AidResource': 0, 'TowResource': 0, 'FirefightingResource': 0, 'RescueResource': 0, 'roadPassibility': 1, 'roadLoss': 0, 'casualties': 1, 'emergencyPeriod': 1, 'emergencyType': 1}
2025-03-31 19:17:23 - {'AidResource': 0, 'TowResource': 0, 'FirefightingResource': 0, 'RescueResource': 0, 'roadPassibility': 1, 'roadLoss': 0, 'casualties': 1, 'emergencyPeriod': 1, 'emergencyType': 2}
2025-03-31 19:19:39 - {'AidResource': 1, 'TowResource': 0, 'FirefightingResource': 0, 'RescueResource': 0, 'roadPassibility': 1, 'roadLoss': 0, 'casualties': 1, 'emergencyPeriod': 1, 'emergencyType': 2, 'disposalDuration': 0, 'responseDuration': 3}
2025-03-31 19:19:49 - {'AidResource': 1, 'TowResource': 0, 'FirefightingResource': 0, 'RescueResource': 0, 'roadPassibility': 1, 'roadLoss': 0, 'casualties': 1, 'emergencyPeriod': 1, 'emergencyType': 2, 'disposalDuration': 0, 'responseDuration': 3}
2025-03-31 19:19:56 - {'AidResource': 1, 'TowResource': 0, 'FirefightingResource': 0, 'RescueResource': 0, 'roadPassibility': 1, 'roadLoss': 0, 'casualties': 1, 'emergencyPeriod': 1, 'emergencyType': 2, 'disposalDuration': 0, 'responseDuration': 3}
2025-03-31 19:19:57 - {'AidResource': 1, 'TowResource': 0, 'FirefightingResource': 0, 'RescueResource': 0, 'roadPassibility': 1, 'roadLoss': 0, 'casualties': 1, 'emergencyPeriod': 1, 'emergencyType': 2, 'disposalDuration': 0, 'responseDuration': 3}
2025-03-31 20:15:09 - {'AidResource': 0, 'TowResource': 0, 'FirefightingResource': 0, 'RescueResource': 0, 'roadPassibility': 1, 'roadLoss': 0, 'casualties': 1, 'emergencyPeriod': 1, 'emergencyType': 2}
2025-03-31 20:15:39 - {'AidResource': 1, 'TowResource': 0, 'FirefightingResource': 0, 'RescueResource': 0, 'roadPassibility': 1, 'roadLoss': 0, 'casualties': 1, 'emergencyPeriod': 1, 'emergencyType': 2, 'disposalDuration': 0, 'responseDuration': 3}
2025-03-31 20:16:05 - {'AidResource': 1, 'TowResource': 0, 'FirefightingResource': 0, 'RescueResource': 0, 'roadPassibility': 1, 'roadLoss': 0, 'casualties': 1, 'emergencyPeriod': 1, 'emergencyType': 2, 'disposalDuration': 0, 'responseDuration': 3}
2025-03-31 20:16:28 - {'AidResource': 1, 'TowResource': 0, 'FirefightingResource': 0, 'RescueResource': 0, 'roadPassibility': 1, 'roadLoss': 0, 'casualties': 1, 'emergencyPeriod': 1, 'emergencyType': 2, 'disposalDuration': 0, 'responseDuration': 3}
2025-03-31 20:16:35 - {'AidResource': 1, 'TowResource': 0, 'FirefightingResource': 0, 'RescueResource': 0, 'roadPassibility': 1, 'roadLoss': 0, 'casualties': 1, 'emergencyPeriod': 1, 'emergencyType': 2, 'disposalDuration': 0, 'responseDuration': 3}
2025-03-31 20:16:36 - {'AidResource': 1, 'TowResource': 0, 'FirefightingResource': 0, 'RescueResource': 0, 'roadPassibility': 1, 'roadLoss': 0, 'casualties': 1, 'emergencyPeriod': 1, 'emergencyType': 2, 'disposalDuration': 0, 'responseDuration': 3}
