2025-03-16 20:23:25,546 - MainProcess [PID 27736] - DEBUG - 日志记录器已配置，日志文件: 'D:\PythonProjects\AcademicTool_PySide\processing.log'。
2025-03-16 20:23:25,547 - MainProcess [PID 27736] - INFO - 开始处理 4 个文件，输出目录为 'D:\PythonProjects\AcademicTool_PySide\views\tabs\../../data/sysml2/8/owl'。
2025-03-16 20:23:25,547 - MainProcess [PID 27736] - INFO - 启动进程 Process-ScenarioElement.owl 处理文件 'D:\PythonProjects\AcademicTool_PySide\views\tabs\../../data/sysml2/8/owl\ScenarioElement.owl'。
2025-03-16 20:23:25,551 - MainProcess [PID 27736] - INFO - 启动进程 Process-Scenario.owl 处理文件 'D:\PythonProjects\AcademicTool_PySide\views\tabs\../../data/sysml2/8/owl\Scenario.owl'。
2025-03-16 20:23:25,554 - MainProcess [PID 27736] - INFO - 启动进程 Process-Emergency.owl 处理文件 'D:\PythonProjects\AcademicTool_PySide\views\tabs\../../data/sysml2/8/owl\Emergency.owl'。
2025-03-16 20:23:25,557 - MainProcess [PID 27736] - INFO - 启动进程 Process-Merge.owl 处理文件 'D:\PythonProjects\AcademicTool_PySide\views\tabs\../../data/sysml2/8/owl\Merge.owl'。
2025-03-16 20:23:28,253 - Process-Emergency.owl [PID 30092] - DEBUG - 子进程日志记录器已配置，仅使用QueueHandler。
2025-03-16 20:23:28,253 - Process-Emergency.owl [PID 30092] - DEBUG - [Process-Emergency.owl PID:30092] 开始处理文件 'D:\PythonProjects\AcademicTool_PySide\views\tabs\../../data/sysml2/8/owl\Emergency.owl'.
2025-03-16 20:23:28,253 - Process-Emergency.owl [PID 30092] - INFO - [Process-Emergency.owl PID:30092] 开始检查JSON-LD文件: 'D:\PythonProjects\AcademicTool_PySide\views\tabs\../../data/sysml2/8/owl\Emergency.owl'.
2025-03-16 20:23:28,253 - Process-Emergency.owl [PID 30092] - DEBUG - [Process-Emergency.owl PID:30092] 检查文件是否为JSON-LD: 'D:\PythonProjects\AcademicTool_PySide\views\tabs\../../data/sysml2/8/owl\Emergency.owl'
2025-03-16 20:23:28,254 - Process-Emergency.owl [PID 30092] - WARNING - [Process-Emergency.owl PID:30092] 文件 'D:\PythonProjects\AcademicTool_PySide\views\tabs\../../data/sysml2/8/owl\Emergency.owl' 中的JSON无效: Expecting value: line 1 column 1 (char 0)
2025-03-16 20:23:28,254 - Process-Emergency.owl [PID 30092] - INFO - [Process-Emergency.owl PID:30092] 文件 'D:\PythonProjects\AcademicTool_PySide\views\tabs\../../data/sysml2/8/owl\Emergency.owl' 不是JSON-LD格式，跳过转换。
2025-03-16 20:23:28,254 - Process-Emergency.owl [PID 30092] - DEBUG - [Process-Emergency.owl PID:30092] 文件 'D:\PythonProjects\AcademicTool_PySide\views\tabs\../../data/sysml2/8/owl\Emergency.owl' 已处理为 'D:\PythonProjects\AcademicTool_PySide\views\tabs\../../data/sysml2/8/owl\Emergency.owl'。
2025-03-16 20:23:28,254 - Process-Emergency.owl [PID 30092] - INFO - [Process-Emergency.owl PID:30092] 开始处理OWL文件: 'D:\PythonProjects\AcademicTool_PySide\views\tabs\../../data/sysml2/8/owl\Emergency.owl'.
2025-03-16 20:23:28,254 - Process-Emergency.owl [PID 30092] - DEBUG - [Process-Emergency.owl PID:30092] 加载OWL文件 'D:\PythonProjects\AcademicTool_PySide\data\sysml2\8\owl\Emergency.owl'。
2025-03-16 20:23:28,255 - Process-Emergency.owl [PID 30092] - DEBUG - [Process-Emergency.owl PID:30092] 成功加载本体 'D:\PythonProjects\AcademicTool_PySide\data\sysml2\8\owl\Emergency.owl'。
2025-03-16 20:23:28,255 - Process-Emergency.owl [PID 30092] - DEBUG - [Process-Emergency.owl PID:30092] 生成分类图。
2025-03-16 20:23:28,255 - Process-Emergency.owl [PID 30092] - DEBUG - [Process-Emergency.owl PID:30092] 分类图生成成功。
2025-03-16 20:23:28,256 - Process-Emergency.owl [PID 30092] - DEBUG - [Process-Emergency.owl PID:30092] 开始渲染SVG图形。
2025-03-16 20:23:28,329 - Process-ScenarioElement.owl [PID 33476] - DEBUG - 子进程日志记录器已配置，仅使用QueueHandler。
2025-03-16 20:23:28,330 - Process-ScenarioElement.owl [PID 33476] - DEBUG - [Process-ScenarioElement.owl PID:33476] 开始处理文件 'D:\PythonProjects\AcademicTool_PySide\views\tabs\../../data/sysml2/8/owl\ScenarioElement.owl'.
2025-03-16 20:23:28,330 - Process-ScenarioElement.owl [PID 33476] - INFO - [Process-ScenarioElement.owl PID:33476] 开始检查JSON-LD文件: 'D:\PythonProjects\AcademicTool_PySide\views\tabs\../../data/sysml2/8/owl\ScenarioElement.owl'.
2025-03-16 20:23:28,330 - Process-ScenarioElement.owl [PID 33476] - DEBUG - [Process-ScenarioElement.owl PID:33476] 检查文件是否为JSON-LD: 'D:\PythonProjects\AcademicTool_PySide\views\tabs\../../data/sysml2/8/owl\ScenarioElement.owl'
2025-03-16 20:23:28,330 - Process-ScenarioElement.owl [PID 33476] - WARNING - [Process-ScenarioElement.owl PID:33476] 文件 'D:\PythonProjects\AcademicTool_PySide\views\tabs\../../data/sysml2/8/owl\ScenarioElement.owl' 中的JSON无效: Expecting value: line 1 column 1 (char 0)
2025-03-16 20:23:28,330 - Process-ScenarioElement.owl [PID 33476] - INFO - [Process-ScenarioElement.owl PID:33476] 文件 'D:\PythonProjects\AcademicTool_PySide\views\tabs\../../data/sysml2/8/owl\ScenarioElement.owl' 不是JSON-LD格式，跳过转换。
2025-03-16 20:23:28,330 - Process-ScenarioElement.owl [PID 33476] - DEBUG - [Process-ScenarioElement.owl PID:33476] 文件 'D:\PythonProjects\AcademicTool_PySide\views\tabs\../../data/sysml2/8/owl\ScenarioElement.owl' 已处理为 'D:\PythonProjects\AcademicTool_PySide\views\tabs\../../data/sysml2/8/owl\ScenarioElement.owl'。
2025-03-16 20:23:28,330 - Process-ScenarioElement.owl [PID 33476] - INFO - [Process-ScenarioElement.owl PID:33476] 开始处理OWL文件: 'D:\PythonProjects\AcademicTool_PySide\views\tabs\../../data/sysml2/8/owl\ScenarioElement.owl'.
2025-03-16 20:23:28,331 - Process-ScenarioElement.owl [PID 33476] - DEBUG - [Process-ScenarioElement.owl PID:33476] 加载OWL文件 'D:\PythonProjects\AcademicTool_PySide\data\sysml2\8\owl\ScenarioElement.owl'。
2025-03-16 20:23:28,335 - Process-Scenario.owl [PID 30868] - DEBUG - 子进程日志记录器已配置，仅使用QueueHandler。
2025-03-16 20:23:28,335 - Process-Scenario.owl [PID 30868] - DEBUG - [Process-Scenario.owl PID:30868] 开始处理文件 'D:\PythonProjects\AcademicTool_PySide\views\tabs\../../data/sysml2/8/owl\Scenario.owl'.
2025-03-16 20:23:28,335 - Process-Scenario.owl [PID 30868] - INFO - [Process-Scenario.owl PID:30868] 开始检查JSON-LD文件: 'D:\PythonProjects\AcademicTool_PySide\views\tabs\../../data/sysml2/8/owl\Scenario.owl'.
2025-03-16 20:23:28,335 - Process-Scenario.owl [PID 30868] - DEBUG - [Process-Scenario.owl PID:30868] 检查文件是否为JSON-LD: 'D:\PythonProjects\AcademicTool_PySide\views\tabs\../../data/sysml2/8/owl\Scenario.owl'
2025-03-16 20:23:28,336 - Process-Scenario.owl [PID 30868] - WARNING - [Process-Scenario.owl PID:30868] 文件 'D:\PythonProjects\AcademicTool_PySide\views\tabs\../../data/sysml2/8/owl\Scenario.owl' 中的JSON无效: Expecting value: line 1 column 1 (char 0)
2025-03-16 20:23:28,336 - Process-Scenario.owl [PID 30868] - INFO - [Process-Scenario.owl PID:30868] 文件 'D:\PythonProjects\AcademicTool_PySide\views\tabs\../../data/sysml2/8/owl\Scenario.owl' 不是JSON-LD格式，跳过转换。
2025-03-16 20:23:28,336 - Process-Scenario.owl [PID 30868] - DEBUG - [Process-Scenario.owl PID:30868] 文件 'D:\PythonProjects\AcademicTool_PySide\views\tabs\../../data/sysml2/8/owl\Scenario.owl' 已处理为 'D:\PythonProjects\AcademicTool_PySide\views\tabs\../../data/sysml2/8/owl\Scenario.owl'。
2025-03-16 20:23:28,336 - Process-Scenario.owl [PID 30868] - INFO - [Process-Scenario.owl PID:30868] 开始处理OWL文件: 'D:\PythonProjects\AcademicTool_PySide\views\tabs\../../data/sysml2/8/owl\Scenario.owl'.
2025-03-16 20:23:28,336 - Process-Scenario.owl [PID 30868] - DEBUG - [Process-Scenario.owl PID:30868] 加载OWL文件 'D:\PythonProjects\AcademicTool_PySide\data\sysml2\8\owl\Scenario.owl'。
2025-03-16 20:23:28,338 - Process-Scenario.owl [PID 30868] - DEBUG - [Process-Scenario.owl PID:30868] 成功加载本体 'D:\PythonProjects\AcademicTool_PySide\data\sysml2\8\owl\Scenario.owl'。
2025-03-16 20:23:28,338 - Process-Scenario.owl [PID 30868] - DEBUG - [Process-Scenario.owl PID:30868] 生成分类图。
2025-03-16 20:23:28,339 - Process-Scenario.owl [PID 30868] - DEBUG - [Process-Scenario.owl PID:30868] 分类图生成成功。
2025-03-16 20:23:28,339 - Process-Scenario.owl [PID 30868] - DEBUG - [Process-Scenario.owl PID:30868] 开始渲染SVG图形。
2025-03-16 20:23:28,351 - Process-ScenarioElement.owl [PID 33476] - DEBUG - [Process-ScenarioElement.owl PID:33476] 成功加载本体 'D:\PythonProjects\AcademicTool_PySide\data\sysml2\8\owl\ScenarioElement.owl'。
2025-03-16 20:23:28,351 - Process-ScenarioElement.owl [PID 33476] - DEBUG - [Process-ScenarioElement.owl PID:33476] 生成分类图。
2025-03-16 20:23:28,353 - Process-ScenarioElement.owl [PID 33476] - DEBUG - [Process-ScenarioElement.owl PID:33476] 分类图生成成功。
2025-03-16 20:23:28,353 - Process-ScenarioElement.owl [PID 33476] - DEBUG - [Process-ScenarioElement.owl PID:33476] 开始渲染SVG图形。
2025-03-16 20:23:28,355 - Process-Merge.owl [PID 17644] - DEBUG - 子进程日志记录器已配置，仅使用QueueHandler。
2025-03-16 20:23:28,355 - Process-Merge.owl [PID 17644] - DEBUG - [Process-Merge.owl PID:17644] 开始处理文件 'D:\PythonProjects\AcademicTool_PySide\views\tabs\../../data/sysml2/8/owl\Merge.owl'.
2025-03-16 20:23:28,355 - Process-Merge.owl [PID 17644] - INFO - [Process-Merge.owl PID:17644] 开始检查JSON-LD文件: 'D:\PythonProjects\AcademicTool_PySide\views\tabs\../../data/sysml2/8/owl\Merge.owl'.
2025-03-16 20:23:28,355 - Process-Merge.owl [PID 17644] - DEBUG - [Process-Merge.owl PID:17644] 检查文件是否为JSON-LD: 'D:\PythonProjects\AcademicTool_PySide\views\tabs\../../data/sysml2/8/owl\Merge.owl'
2025-03-16 20:23:28,356 - Process-Merge.owl [PID 17644] - WARNING - [Process-Merge.owl PID:17644] 文件 'D:\PythonProjects\AcademicTool_PySide\views\tabs\../../data/sysml2/8/owl\Merge.owl' 中的JSON无效: Expecting value: line 1 column 1 (char 0)
2025-03-16 20:23:28,356 - Process-Merge.owl [PID 17644] - INFO - [Process-Merge.owl PID:17644] 文件 'D:\PythonProjects\AcademicTool_PySide\views\tabs\../../data/sysml2/8/owl\Merge.owl' 不是JSON-LD格式，跳过转换。
2025-03-16 20:23:28,356 - Process-Merge.owl [PID 17644] - DEBUG - [Process-Merge.owl PID:17644] 文件 'D:\PythonProjects\AcademicTool_PySide\views\tabs\../../data/sysml2/8/owl\Merge.owl' 已处理为 'D:\PythonProjects\AcademicTool_PySide\views\tabs\../../data/sysml2/8/owl\Merge.owl'。
2025-03-16 20:23:28,356 - Process-Merge.owl [PID 17644] - INFO - [Process-Merge.owl PID:17644] 开始处理OWL文件: 'D:\PythonProjects\AcademicTool_PySide\views\tabs\../../data/sysml2/8/owl\Merge.owl'.
2025-03-16 20:23:28,356 - Process-Merge.owl [PID 17644] - DEBUG - [Process-Merge.owl PID:17644] 加载OWL文件 'D:\PythonProjects\AcademicTool_PySide\data\sysml2\8\owl\Merge.owl'。
2025-03-16 20:23:28,378 - Process-Merge.owl [PID 17644] - DEBUG - [Process-Merge.owl PID:17644] 成功加载本体 'D:\PythonProjects\AcademicTool_PySide\data\sysml2\8\owl\Merge.owl'。
2025-03-16 20:23:28,378 - Process-Merge.owl [PID 17644] - DEBUG - [Process-Merge.owl PID:17644] 生成分类图。
2025-03-16 20:23:28,380 - Process-Merge.owl [PID 17644] - DEBUG - [Process-Merge.owl PID:17644] 分类图生成成功。
2025-03-16 20:23:28,380 - Process-Merge.owl [PID 17644] - DEBUG - [Process-Merge.owl PID:17644] 开始渲染SVG图形。
2025-03-16 20:23:28,597 - Process-Emergency.owl [PID 30092] - DEBUG - [Process-Emergency.owl PID:30092] SVG图形成功写入文件 'D:\PythonProjects\AcademicTool_PySide\views\tabs\../../data/sysml2/8/owl\Emergency.svg'。
2025-03-16 20:23:28,597 - Process-Emergency.owl [PID 30092] - INFO - [Process-Emergency.owl PID:30092] 成功生成SVG文件: 'D:\PythonProjects\AcademicTool_PySide\views\tabs\../../data/sysml2/8/owl\Emergency.svg'，耗时 0:00:00.342978.
2025-03-16 20:23:28,597 - Process-Emergency.owl [PID 30092] - DEBUG - [Process-Emergency.owl PID:30092] 完成文件 'D:\PythonProjects\AcademicTool_PySide\views\tabs\../../data/sysml2/8/owl\Emergency.owl' 的处理，输出: 'D:\PythonProjects\AcademicTool_PySide\views\tabs\../../data/sysml2/8/owl\Emergency.svg'。
2025-03-16 20:23:28,597 - Process-Emergency.owl [PID 30092] - INFO - [Process-Emergency.owl PID:30092] 完成处理文件 'D:\PythonProjects\AcademicTool_PySide\views\tabs\../../data/sysml2/8/owl\Emergency.owl'。
2025-03-16 20:23:28,767 - Process-Scenario.owl [PID 30868] - DEBUG - [Process-Scenario.owl PID:30868] SVG图形成功写入文件 'D:\PythonProjects\AcademicTool_PySide\views\tabs\../../data/sysml2/8/owl\Scenario.svg'。
2025-03-16 20:23:28,767 - Process-Scenario.owl [PID 30868] - INFO - [Process-Scenario.owl PID:30868] 成功生成SVG文件: 'D:\PythonProjects\AcademicTool_PySide\views\tabs\../../data/sysml2/8/owl\Scenario.svg'，耗时 0:00:00.431735.
2025-03-16 20:23:28,767 - Process-Scenario.owl [PID 30868] - DEBUG - [Process-Scenario.owl PID:30868] 完成文件 'D:\PythonProjects\AcademicTool_PySide\views\tabs\../../data/sysml2/8/owl\Scenario.owl' 的处理，输出: 'D:\PythonProjects\AcademicTool_PySide\views\tabs\../../data/sysml2/8/owl\Scenario.svg'。
2025-03-16 20:23:28,767 - Process-Scenario.owl [PID 30868] - INFO - [Process-Scenario.owl PID:30868] 完成处理文件 'D:\PythonProjects\AcademicTool_PySide\views\tabs\../../data/sysml2/8/owl\Scenario.owl'。
2025-03-16 20:23:28,775 - Process-ScenarioElement.owl [PID 33476] - DEBUG - [Process-ScenarioElement.owl PID:33476] SVG图形成功写入文件 'D:\PythonProjects\AcademicTool_PySide\views\tabs\../../data/sysml2/8/owl\ScenarioElement.svg'。
2025-03-16 20:23:28,775 - Process-ScenarioElement.owl [PID 33476] - INFO - [Process-ScenarioElement.owl PID:33476] 成功生成SVG文件: 'D:\PythonProjects\AcademicTool_PySide\views\tabs\../../data/sysml2/8/owl\ScenarioElement.svg'，耗时 0:00:00.444752.
2025-03-16 20:23:28,775 - Process-ScenarioElement.owl [PID 33476] - DEBUG - [Process-ScenarioElement.owl PID:33476] 完成文件 'D:\PythonProjects\AcademicTool_PySide\views\tabs\../../data/sysml2/8/owl\ScenarioElement.owl' 的处理，输出: 'D:\PythonProjects\AcademicTool_PySide\views\tabs\../../data/sysml2/8/owl\ScenarioElement.svg'。
2025-03-16 20:23:28,775 - Process-ScenarioElement.owl [PID 33476] - INFO - [Process-ScenarioElement.owl PID:33476] 完成处理文件 'D:\PythonProjects\AcademicTool_PySide\views\tabs\../../data/sysml2/8/owl\ScenarioElement.owl'。
2025-03-16 20:23:28,775 - Process-Merge.owl [PID 17644] - DEBUG - [Process-Merge.owl PID:17644] SVG图形成功写入文件 'D:\PythonProjects\AcademicTool_PySide\views\tabs\../../data/sysml2/8/owl\Merge.svg'。
2025-03-16 20:23:28,775 - Process-Merge.owl [PID 17644] - INFO - [Process-Merge.owl PID:17644] 成功生成SVG文件: 'D:\PythonProjects\AcademicTool_PySide\views\tabs\../../data/sysml2/8/owl\Merge.svg'，耗时 0:00:00.419733.
2025-03-16 20:23:28,775 - Process-Merge.owl [PID 17644] - DEBUG - [Process-Merge.owl PID:17644] 完成文件 'D:\PythonProjects\AcademicTool_PySide\views\tabs\../../data/sysml2/8/owl\Merge.owl' 的处理，输出: 'D:\PythonProjects\AcademicTool_PySide\views\tabs\../../data/sysml2/8/owl\Merge.svg'。
2025-03-16 20:23:28,775 - Process-Merge.owl [PID 17644] - INFO - [Process-Merge.owl PID:17644] 完成处理文件 'D:\PythonProjects\AcademicTool_PySide\views\tabs\../../data/sysml2/8/owl\Merge.owl'。
2025-03-16 20:23:29,129 - MainProcess [PID 27736] - INFO - 进程 Process-ScenarioElement.owl 已完成。
2025-03-16 20:23:29,129 - MainProcess [PID 27736] - INFO - 进程 Process-Scenario.owl 已完成。
2025-03-16 20:23:29,129 - MainProcess [PID 27736] - INFO - 进程 Process-Emergency.owl 已完成。
2025-03-16 20:23:29,135 - MainProcess [PID 27736] - INFO - 进程 Process-Merge.owl 已完成。
2025-03-16 20:23:29,136 - MainProcess [PID 27736] - INFO - 所有文件处理完成.
2025-03-16 20:25:16,250 - MainProcess [PID 10732] - DEBUG - 日志记录器已配置，日志文件: 'D:\PythonProjects\AcademicTool_PySide\processing.log'。
2025-03-16 20:25:16,251 - MainProcess [PID 10732] - INFO - 开始处理 4 个文件，输出目录为 'D:\PythonProjects\AcademicTool_PySide\views\tabs\../../data/sysml2/8/owl'。
2025-03-16 20:25:16,251 - MainProcess [PID 10732] - INFO - 启动进程 Process-ScenarioElement.owl 处理文件 'D:\PythonProjects\AcademicTool_PySide\views\tabs\../../data/sysml2/8/owl\ScenarioElement.owl'。
2025-03-16 20:25:16,255 - MainProcess [PID 10732] - INFO - 启动进程 Process-Scenario.owl 处理文件 'D:\PythonProjects\AcademicTool_PySide\views\tabs\../../data/sysml2/8/owl\Scenario.owl'。
2025-03-16 20:25:16,257 - MainProcess [PID 10732] - INFO - 启动进程 Process-Emergency.owl 处理文件 'D:\PythonProjects\AcademicTool_PySide\views\tabs\../../data/sysml2/8/owl\Emergency.owl'。
2025-03-16 20:25:16,258 - MainProcess [PID 10732] - INFO - 启动进程 Process-Merge.owl 处理文件 'D:\PythonProjects\AcademicTool_PySide\views\tabs\../../data/sysml2/8/owl\Merge.owl'。
2025-03-16 20:25:19,021 - Process-Scenario.owl [PID 22912] - DEBUG - 子进程日志记录器已配置，仅使用QueueHandler。
2025-03-16 20:25:19,022 - Process-Scenario.owl [PID 22912] - DEBUG - [Process-Scenario.owl PID:22912] 开始处理文件 'D:\PythonProjects\AcademicTool_PySide\views\tabs\../../data/sysml2/8/owl\Scenario.owl'.
2025-03-16 20:25:19,022 - Process-Scenario.owl [PID 22912] - INFO - [Process-Scenario.owl PID:22912] 开始检查JSON-LD文件: 'D:\PythonProjects\AcademicTool_PySide\views\tabs\../../data/sysml2/8/owl\Scenario.owl'.
2025-03-16 20:25:19,022 - Process-Scenario.owl [PID 22912] - DEBUG - [Process-Scenario.owl PID:22912] 检查文件是否为JSON-LD: 'D:\PythonProjects\AcademicTool_PySide\views\tabs\../../data/sysml2/8/owl\Scenario.owl'
2025-03-16 20:25:19,022 - Process-Scenario.owl [PID 22912] - WARNING - [Process-Scenario.owl PID:22912] 文件 'D:\PythonProjects\AcademicTool_PySide\views\tabs\../../data/sysml2/8/owl\Scenario.owl' 中的JSON无效: Expecting value: line 1 column 1 (char 0)
2025-03-16 20:25:19,022 - Process-Scenario.owl [PID 22912] - INFO - [Process-Scenario.owl PID:22912] 文件 'D:\PythonProjects\AcademicTool_PySide\views\tabs\../../data/sysml2/8/owl\Scenario.owl' 不是JSON-LD格式，跳过转换。
2025-03-16 20:25:19,022 - Process-Scenario.owl [PID 22912] - DEBUG - [Process-Scenario.owl PID:22912] 文件 'D:\PythonProjects\AcademicTool_PySide\views\tabs\../../data/sysml2/8/owl\Scenario.owl' 已处理为 'D:\PythonProjects\AcademicTool_PySide\views\tabs\../../data/sysml2/8/owl\Scenario.owl'。
2025-03-16 20:25:19,022 - Process-Scenario.owl [PID 22912] - INFO - [Process-Scenario.owl PID:22912] 开始处理OWL文件: 'D:\PythonProjects\AcademicTool_PySide\views\tabs\../../data/sysml2/8/owl\Scenario.owl'.
2025-03-16 20:25:19,022 - Process-Scenario.owl [PID 22912] - DEBUG - [Process-Scenario.owl PID:22912] 加载OWL文件 'D:\PythonProjects\AcademicTool_PySide\data\sysml2\8\owl\Scenario.owl'。
2025-03-16 20:25:19,024 - Process-Scenario.owl [PID 22912] - DEBUG - [Process-Scenario.owl PID:22912] 成功加载本体 'D:\PythonProjects\AcademicTool_PySide\data\sysml2\8\owl\Scenario.owl'。
2025-03-16 20:25:19,024 - Process-Scenario.owl [PID 22912] - DEBUG - [Process-Scenario.owl PID:22912] 生成分类图。
2025-03-16 20:25:19,026 - Process-Scenario.owl [PID 22912] - DEBUG - [Process-Scenario.owl PID:22912] 分类图生成成功。
2025-03-16 20:25:19,026 - Process-Scenario.owl [PID 22912] - DEBUG - [Process-Scenario.owl PID:22912] 开始渲染SVG图形。
2025-03-16 20:25:19,090 - Process-Merge.owl [PID 5956] - DEBUG - 子进程日志记录器已配置，仅使用QueueHandler。
2025-03-16 20:25:19,091 - Process-Merge.owl [PID 5956] - DEBUG - [Process-Merge.owl PID:5956] 开始处理文件 'D:\PythonProjects\AcademicTool_PySide\views\tabs\../../data/sysml2/8/owl\Merge.owl'.
2025-03-16 20:25:19,091 - Process-Merge.owl [PID 5956] - INFO - [Process-Merge.owl PID:5956] 开始检查JSON-LD文件: 'D:\PythonProjects\AcademicTool_PySide\views\tabs\../../data/sysml2/8/owl\Merge.owl'.
2025-03-16 20:25:19,091 - Process-Merge.owl [PID 5956] - DEBUG - [Process-Merge.owl PID:5956] 检查文件是否为JSON-LD: 'D:\PythonProjects\AcademicTool_PySide\views\tabs\../../data/sysml2/8/owl\Merge.owl'
2025-03-16 20:25:19,091 - Process-Merge.owl [PID 5956] - WARNING - [Process-Merge.owl PID:5956] 文件 'D:\PythonProjects\AcademicTool_PySide\views\tabs\../../data/sysml2/8/owl\Merge.owl' 中的JSON无效: Expecting value: line 1 column 1 (char 0)
2025-03-16 20:25:19,091 - Process-Merge.owl [PID 5956] - INFO - [Process-Merge.owl PID:5956] 文件 'D:\PythonProjects\AcademicTool_PySide\views\tabs\../../data/sysml2/8/owl\Merge.owl' 不是JSON-LD格式，跳过转换。
2025-03-16 20:25:19,091 - Process-Merge.owl [PID 5956] - DEBUG - [Process-Merge.owl PID:5956] 文件 'D:\PythonProjects\AcademicTool_PySide\views\tabs\../../data/sysml2/8/owl\Merge.owl' 已处理为 'D:\PythonProjects\AcademicTool_PySide\views\tabs\../../data/sysml2/8/owl\Merge.owl'。
2025-03-16 20:25:19,091 - Process-Merge.owl [PID 5956] - INFO - [Process-Merge.owl PID:5956] 开始处理OWL文件: 'D:\PythonProjects\AcademicTool_PySide\views\tabs\../../data/sysml2/8/owl\Merge.owl'.
2025-03-16 20:25:19,091 - Process-Merge.owl [PID 5956] - DEBUG - [Process-Merge.owl PID:5956] 加载OWL文件 'D:\PythonProjects\AcademicTool_PySide\data\sysml2\8\owl\Merge.owl'。
2025-03-16 20:25:19,100 - Process-ScenarioElement.owl [PID 33412] - DEBUG - 子进程日志记录器已配置，仅使用QueueHandler。
2025-03-16 20:25:19,100 - Process-ScenarioElement.owl [PID 33412] - DEBUG - [Process-ScenarioElement.owl PID:33412] 开始处理文件 'D:\PythonProjects\AcademicTool_PySide\views\tabs\../../data/sysml2/8/owl\ScenarioElement.owl'.
2025-03-16 20:25:19,100 - Process-ScenarioElement.owl [PID 33412] - INFO - [Process-ScenarioElement.owl PID:33412] 开始检查JSON-LD文件: 'D:\PythonProjects\AcademicTool_PySide\views\tabs\../../data/sysml2/8/owl\ScenarioElement.owl'.
2025-03-16 20:25:19,100 - Process-ScenarioElement.owl [PID 33412] - DEBUG - [Process-ScenarioElement.owl PID:33412] 检查文件是否为JSON-LD: 'D:\PythonProjects\AcademicTool_PySide\views\tabs\../../data/sysml2/8/owl\ScenarioElement.owl'
2025-03-16 20:25:19,101 - Process-ScenarioElement.owl [PID 33412] - WARNING - [Process-ScenarioElement.owl PID:33412] 文件 'D:\PythonProjects\AcademicTool_PySide\views\tabs\../../data/sysml2/8/owl\ScenarioElement.owl' 中的JSON无效: Expecting value: line 1 column 1 (char 0)
2025-03-16 20:25:19,101 - Process-ScenarioElement.owl [PID 33412] - INFO - [Process-ScenarioElement.owl PID:33412] 文件 'D:\PythonProjects\AcademicTool_PySide\views\tabs\../../data/sysml2/8/owl\ScenarioElement.owl' 不是JSON-LD格式，跳过转换。
2025-03-16 20:25:19,101 - Process-ScenarioElement.owl [PID 33412] - DEBUG - [Process-ScenarioElement.owl PID:33412] 文件 'D:\PythonProjects\AcademicTool_PySide\views\tabs\../../data/sysml2/8/owl\ScenarioElement.owl' 已处理为 'D:\PythonProjects\AcademicTool_PySide\views\tabs\../../data/sysml2/8/owl\ScenarioElement.owl'。
2025-03-16 20:25:19,101 - Process-ScenarioElement.owl [PID 33412] - INFO - [Process-ScenarioElement.owl PID:33412] 开始处理OWL文件: 'D:\PythonProjects\AcademicTool_PySide\views\tabs\../../data/sysml2/8/owl\ScenarioElement.owl'.
2025-03-16 20:25:19,101 - Process-ScenarioElement.owl [PID 33412] - DEBUG - [Process-ScenarioElement.owl PID:33412] 加载OWL文件 'D:\PythonProjects\AcademicTool_PySide\data\sysml2\8\owl\ScenarioElement.owl'。
2025-03-16 20:25:19,108 - Process-Emergency.owl [PID 32084] - DEBUG - 子进程日志记录器已配置，仅使用QueueHandler。
2025-03-16 20:25:19,109 - Process-Emergency.owl [PID 32084] - DEBUG - [Process-Emergency.owl PID:32084] 开始处理文件 'D:\PythonProjects\AcademicTool_PySide\views\tabs\../../data/sysml2/8/owl\Emergency.owl'.
2025-03-16 20:25:19,109 - Process-Emergency.owl [PID 32084] - INFO - [Process-Emergency.owl PID:32084] 开始检查JSON-LD文件: 'D:\PythonProjects\AcademicTool_PySide\views\tabs\../../data/sysml2/8/owl\Emergency.owl'.
2025-03-16 20:25:19,109 - Process-Emergency.owl [PID 32084] - DEBUG - [Process-Emergency.owl PID:32084] 检查文件是否为JSON-LD: 'D:\PythonProjects\AcademicTool_PySide\views\tabs\../../data/sysml2/8/owl\Emergency.owl'
2025-03-16 20:25:19,109 - Process-Emergency.owl [PID 32084] - WARNING - [Process-Emergency.owl PID:32084] 文件 'D:\PythonProjects\AcademicTool_PySide\views\tabs\../../data/sysml2/8/owl\Emergency.owl' 中的JSON无效: Expecting value: line 1 column 1 (char 0)
2025-03-16 20:25:19,109 - Process-Emergency.owl [PID 32084] - INFO - [Process-Emergency.owl PID:32084] 文件 'D:\PythonProjects\AcademicTool_PySide\views\tabs\../../data/sysml2/8/owl\Emergency.owl' 不是JSON-LD格式，跳过转换。
2025-03-16 20:25:19,109 - Process-Emergency.owl [PID 32084] - DEBUG - [Process-Emergency.owl PID:32084] 文件 'D:\PythonProjects\AcademicTool_PySide\views\tabs\../../data/sysml2/8/owl\Emergency.owl' 已处理为 'D:\PythonProjects\AcademicTool_PySide\views\tabs\../../data/sysml2/8/owl\Emergency.owl'。
2025-03-16 20:25:19,109 - Process-Emergency.owl [PID 32084] - INFO - [Process-Emergency.owl PID:32084] 开始处理OWL文件: 'D:\PythonProjects\AcademicTool_PySide\views\tabs\../../data/sysml2/8/owl\Emergency.owl'.
2025-03-16 20:25:19,109 - Process-Emergency.owl [PID 32084] - DEBUG - [Process-Emergency.owl PID:32084] 加载OWL文件 'D:\PythonProjects\AcademicTool_PySide\data\sysml2\8\owl\Emergency.owl'。
2025-03-16 20:25:19,111 - Process-Emergency.owl [PID 32084] - DEBUG - [Process-Emergency.owl PID:32084] 成功加载本体 'D:\PythonProjects\AcademicTool_PySide\data\sysml2\8\owl\Emergency.owl'。
2025-03-16 20:25:19,111 - Process-Emergency.owl [PID 32084] - DEBUG - [Process-Emergency.owl PID:32084] 生成分类图。
2025-03-16 20:25:19,111 - Process-Emergency.owl [PID 32084] - DEBUG - [Process-Emergency.owl PID:32084] 分类图生成成功。
2025-03-16 20:25:19,111 - Process-Emergency.owl [PID 32084] - DEBUG - [Process-Emergency.owl PID:32084] 开始渲染SVG图形。
2025-03-16 20:25:19,113 - Process-Merge.owl [PID 5956] - DEBUG - [Process-Merge.owl PID:5956] 成功加载本体 'D:\PythonProjects\AcademicTool_PySide\data\sysml2\8\owl\Merge.owl'。
2025-03-16 20:25:19,113 - Process-Merge.owl [PID 5956] - DEBUG - [Process-Merge.owl PID:5956] 生成分类图。
2025-03-16 20:25:19,115 - Process-Merge.owl [PID 5956] - DEBUG - [Process-Merge.owl PID:5956] 分类图生成成功。
2025-03-16 20:25:19,115 - Process-Merge.owl [PID 5956] - DEBUG - [Process-Merge.owl PID:5956] 开始渲染SVG图形。
2025-03-16 20:25:19,122 - Process-ScenarioElement.owl [PID 33412] - DEBUG - [Process-ScenarioElement.owl PID:33412] 成功加载本体 'D:\PythonProjects\AcademicTool_PySide\data\sysml2\8\owl\ScenarioElement.owl'。
2025-03-16 20:25:19,122 - Process-ScenarioElement.owl [PID 33412] - DEBUG - [Process-ScenarioElement.owl PID:33412] 生成分类图。
2025-03-16 20:25:19,123 - Process-ScenarioElement.owl [PID 33412] - DEBUG - [Process-ScenarioElement.owl PID:33412] 分类图生成成功。
2025-03-16 20:25:19,123 - Process-ScenarioElement.owl [PID 33412] - DEBUG - [Process-ScenarioElement.owl PID:33412] 开始渲染SVG图形。
2025-03-16 20:25:19,266 - Process-Scenario.owl [PID 22912] - DEBUG - [Process-Scenario.owl PID:22912] SVG图形成功写入文件 'D:\PythonProjects\AcademicTool_PySide\views\tabs\../../data/sysml2/8/owl\Scenario.svg'。
2025-03-16 20:25:19,266 - Process-Scenario.owl [PID 22912] - INFO - [Process-Scenario.owl PID:22912] 成功生成SVG文件: 'D:\PythonProjects\AcademicTool_PySide\views\tabs\../../data/sysml2/8/owl\Scenario.svg'，耗时 0:00:00.243721.
2025-03-16 20:25:19,266 - Process-Scenario.owl [PID 22912] - DEBUG - [Process-Scenario.owl PID:22912] 完成文件 'D:\PythonProjects\AcademicTool_PySide\views\tabs\../../data/sysml2/8/owl\Scenario.owl' 的处理，输出: 'D:\PythonProjects\AcademicTool_PySide\views\tabs\../../data/sysml2/8/owl\Scenario.svg'。
2025-03-16 20:25:19,266 - Process-Scenario.owl [PID 22912] - INFO - [Process-Scenario.owl PID:22912] 完成处理文件 'D:\PythonProjects\AcademicTool_PySide\views\tabs\../../data/sysml2/8/owl\Scenario.owl'。
2025-03-16 20:25:19,388 - Process-Emergency.owl [PID 32084] - DEBUG - [Process-Emergency.owl PID:32084] SVG图形成功写入文件 'D:\PythonProjects\AcademicTool_PySide\views\tabs\../../data/sysml2/8/owl\Emergency.svg'。
2025-03-16 20:25:19,388 - Process-Emergency.owl [PID 32084] - INFO - [Process-Emergency.owl PID:32084] 成功生成SVG文件: 'D:\PythonProjects\AcademicTool_PySide\views\tabs\../../data/sysml2/8/owl\Emergency.svg'，耗时 0:00:00.278452.
2025-03-16 20:25:19,388 - Process-Emergency.owl [PID 32084] - DEBUG - [Process-Emergency.owl PID:32084] 完成文件 'D:\PythonProjects\AcademicTool_PySide\views\tabs\../../data/sysml2/8/owl\Emergency.owl' 的处理，输出: 'D:\PythonProjects\AcademicTool_PySide\views\tabs\../../data/sysml2/8/owl\Emergency.svg'。
2025-03-16 20:25:19,388 - Process-Emergency.owl [PID 32084] - INFO - [Process-Emergency.owl PID:32084] 完成处理文件 'D:\PythonProjects\AcademicTool_PySide\views\tabs\../../data/sysml2/8/owl\Emergency.owl'。
2025-03-16 20:25:19,391 - Process-ScenarioElement.owl [PID 33412] - DEBUG - [Process-ScenarioElement.owl PID:33412] SVG图形成功写入文件 'D:\PythonProjects\AcademicTool_PySide\views\tabs\../../data/sysml2/8/owl\ScenarioElement.svg'。
2025-03-16 20:25:19,391 - Process-ScenarioElement.owl [PID 33412] - INFO - [Process-ScenarioElement.owl PID:33412] 成功生成SVG文件: 'D:\PythonProjects\AcademicTool_PySide\views\tabs\../../data/sysml2/8/owl\ScenarioElement.svg'，耗时 0:00:00.289458.
2025-03-16 20:25:19,391 - Process-ScenarioElement.owl [PID 33412] - DEBUG - [Process-ScenarioElement.owl PID:33412] 完成文件 'D:\PythonProjects\AcademicTool_PySide\views\tabs\../../data/sysml2/8/owl\ScenarioElement.owl' 的处理，输出: 'D:\PythonProjects\AcademicTool_PySide\views\tabs\../../data/sysml2/8/owl\ScenarioElement.svg'。
2025-03-16 20:25:19,391 - Process-ScenarioElement.owl [PID 33412] - INFO - [Process-ScenarioElement.owl PID:33412] 完成处理文件 'D:\PythonProjects\AcademicTool_PySide\views\tabs\../../data/sysml2/8/owl\ScenarioElement.owl'。
2025-03-16 20:25:19,398 - Process-Merge.owl [PID 5956] - DEBUG - [Process-Merge.owl PID:5956] SVG图形成功写入文件 'D:\PythonProjects\AcademicTool_PySide\views\tabs\../../data/sysml2/8/owl\Merge.svg'。
2025-03-16 20:25:19,398 - Process-Merge.owl [PID 5956] - INFO - [Process-Merge.owl PID:5956] 成功生成SVG文件: 'D:\PythonProjects\AcademicTool_PySide\views\tabs\../../data/sysml2/8/owl\Merge.svg'，耗时 0:00:00.306459.
2025-03-16 20:25:19,398 - Process-Merge.owl [PID 5956] - DEBUG - [Process-Merge.owl PID:5956] 完成文件 'D:\PythonProjects\AcademicTool_PySide\views\tabs\../../data/sysml2/8/owl\Merge.owl' 的处理，输出: 'D:\PythonProjects\AcademicTool_PySide\views\tabs\../../data/sysml2/8/owl\Merge.svg'。
2025-03-16 20:25:19,398 - Process-Merge.owl [PID 5956] - INFO - [Process-Merge.owl PID:5956] 完成处理文件 'D:\PythonProjects\AcademicTool_PySide\views\tabs\../../data/sysml2/8/owl\Merge.owl'。
2025-03-16 20:25:19,755 - MainProcess [PID 10732] - INFO - 进程 Process-ScenarioElement.owl 已完成。
2025-03-16 20:25:19,755 - MainProcess [PID 10732] - INFO - 进程 Process-Scenario.owl 已完成。
2025-03-16 20:25:19,755 - MainProcess [PID 10732] - INFO - 进程 Process-Emergency.owl 已完成。
2025-03-16 20:25:19,755 - MainProcess [PID 10732] - INFO - 进程 Process-Merge.owl 已完成。
2025-03-16 20:25:19,755 - MainProcess [PID 10732] - INFO - 所有文件处理完成.
2025-03-16 20:35:47,698 - MainProcess [PID 33564] - DEBUG - 日志记录器已配置，日志文件: 'D:\PythonProjects\AcademicTool_PySide\processing.log'。
2025-03-16 20:35:47,698 - MainProcess [PID 33564] - INFO - 开始处理 4 个文件，输出目录为 'D:\PythonProjects\AcademicTool_PySide\views\tabs\../../data/sysml2/8/owl'。
2025-03-16 20:35:47,699 - MainProcess [PID 33564] - INFO - 启动进程 Process-ScenarioElement.owl 处理文件 'D:\PythonProjects\AcademicTool_PySide\views\tabs\../../data/sysml2/8/owl\ScenarioElement.owl'。
2025-03-16 20:35:47,703 - MainProcess [PID 33564] - INFO - 启动进程 Process-Scenario.owl 处理文件 'D:\PythonProjects\AcademicTool_PySide\views\tabs\../../data/sysml2/8/owl\Scenario.owl'。
2025-03-16 20:35:47,707 - MainProcess [PID 33564] - INFO - 启动进程 Process-Emergency.owl 处理文件 'D:\PythonProjects\AcademicTool_PySide\views\tabs\../../data/sysml2/8/owl\Emergency.owl'。
2025-03-16 20:35:47,711 - MainProcess [PID 33564] - INFO - 启动进程 Process-Merge.owl 处理文件 'D:\PythonProjects\AcademicTool_PySide\views\tabs\../../data/sysml2/8/owl\Merge.owl'。
2025-03-16 20:35:50,689 - Process-Merge.owl [PID 15832] - DEBUG - 子进程日志记录器已配置，仅使用QueueHandler。
2025-03-16 20:35:50,689 - Process-Merge.owl [PID 15832] - DEBUG - [Process-Merge.owl PID:15832] 开始处理文件 'D:\PythonProjects\AcademicTool_PySide\views\tabs\../../data/sysml2/8/owl\Merge.owl'.
2025-03-16 20:35:50,689 - Process-Merge.owl [PID 15832] - INFO - [Process-Merge.owl PID:15832] 开始检查JSON-LD文件: 'D:\PythonProjects\AcademicTool_PySide\views\tabs\../../data/sysml2/8/owl\Merge.owl'.
2025-03-16 20:35:50,689 - Process-Merge.owl [PID 15832] - DEBUG - [Process-Merge.owl PID:15832] 检查文件是否为JSON-LD: 'D:\PythonProjects\AcademicTool_PySide\views\tabs\../../data/sysml2/8/owl\Merge.owl'
2025-03-16 20:35:50,690 - Process-Merge.owl [PID 15832] - WARNING - [Process-Merge.owl PID:15832] 文件 'D:\PythonProjects\AcademicTool_PySide\views\tabs\../../data/sysml2/8/owl\Merge.owl' 中的JSON无效: Expecting value: line 1 column 1 (char 0)
2025-03-16 20:35:50,690 - Process-Merge.owl [PID 15832] - INFO - [Process-Merge.owl PID:15832] 文件 'D:\PythonProjects\AcademicTool_PySide\views\tabs\../../data/sysml2/8/owl\Merge.owl' 不是JSON-LD格式，跳过转换。
2025-03-16 20:35:50,690 - Process-Merge.owl [PID 15832] - DEBUG - [Process-Merge.owl PID:15832] 文件 'D:\PythonProjects\AcademicTool_PySide\views\tabs\../../data/sysml2/8/owl\Merge.owl' 已处理为 'D:\PythonProjects\AcademicTool_PySide\views\tabs\../../data/sysml2/8/owl\Merge.owl'。
2025-03-16 20:35:50,690 - Process-Merge.owl [PID 15832] - INFO - [Process-Merge.owl PID:15832] 开始处理OWL文件: 'D:\PythonProjects\AcademicTool_PySide\views\tabs\../../data/sysml2/8/owl\Merge.owl'.
2025-03-16 20:35:50,690 - Process-Merge.owl [PID 15832] - DEBUG - [Process-Merge.owl PID:15832] 加载OWL文件 'D:\PythonProjects\AcademicTool_PySide\data\sysml2\8\owl\Merge.owl'。
2025-03-16 20:35:50,705 - Process-Scenario.owl [PID 30560] - DEBUG - 子进程日志记录器已配置，仅使用QueueHandler。
2025-03-16 20:35:50,705 - Process-Scenario.owl [PID 30560] - DEBUG - [Process-Scenario.owl PID:30560] 开始处理文件 'D:\PythonProjects\AcademicTool_PySide\views\tabs\../../data/sysml2/8/owl\Scenario.owl'.
2025-03-16 20:35:50,706 - Process-Scenario.owl [PID 30560] - INFO - [Process-Scenario.owl PID:30560] 开始检查JSON-LD文件: 'D:\PythonProjects\AcademicTool_PySide\views\tabs\../../data/sysml2/8/owl\Scenario.owl'.
2025-03-16 20:35:50,706 - Process-Scenario.owl [PID 30560] - DEBUG - [Process-Scenario.owl PID:30560] 检查文件是否为JSON-LD: 'D:\PythonProjects\AcademicTool_PySide\views\tabs\../../data/sysml2/8/owl\Scenario.owl'
2025-03-16 20:35:50,706 - Process-Scenario.owl [PID 30560] - WARNING - [Process-Scenario.owl PID:30560] 文件 'D:\PythonProjects\AcademicTool_PySide\views\tabs\../../data/sysml2/8/owl\Scenario.owl' 中的JSON无效: Expecting value: line 1 column 1 (char 0)
2025-03-16 20:35:50,706 - Process-Scenario.owl [PID 30560] - INFO - [Process-Scenario.owl PID:30560] 文件 'D:\PythonProjects\AcademicTool_PySide\views\tabs\../../data/sysml2/8/owl\Scenario.owl' 不是JSON-LD格式，跳过转换。
2025-03-16 20:35:50,706 - Process-Scenario.owl [PID 30560] - DEBUG - [Process-Scenario.owl PID:30560] 文件 'D:\PythonProjects\AcademicTool_PySide\views\tabs\../../data/sysml2/8/owl\Scenario.owl' 已处理为 'D:\PythonProjects\AcademicTool_PySide\views\tabs\../../data/sysml2/8/owl\Scenario.owl'。
2025-03-16 20:35:50,706 - Process-Scenario.owl [PID 30560] - INFO - [Process-Scenario.owl PID:30560] 开始处理OWL文件: 'D:\PythonProjects\AcademicTool_PySide\views\tabs\../../data/sysml2/8/owl\Scenario.owl'.
2025-03-16 20:35:50,706 - Process-Scenario.owl [PID 30560] - DEBUG - [Process-Scenario.owl PID:30560] 加载OWL文件 'D:\PythonProjects\AcademicTool_PySide\data\sysml2\8\owl\Scenario.owl'。
2025-03-16 20:35:50,708 - Process-Scenario.owl [PID 30560] - DEBUG - [Process-Scenario.owl PID:30560] 成功加载本体 'D:\PythonProjects\AcademicTool_PySide\data\sysml2\8\owl\Scenario.owl'。
2025-03-16 20:35:50,708 - Process-Scenario.owl [PID 30560] - DEBUG - [Process-Scenario.owl PID:30560] 生成分类图。
2025-03-16 20:35:50,709 - Process-Scenario.owl [PID 30560] - DEBUG - [Process-Scenario.owl PID:30560] 分类图生成成功。
2025-03-16 20:35:50,709 - Process-Scenario.owl [PID 30560] - DEBUG - [Process-Scenario.owl PID:30560] 开始渲染SVG图形。
2025-03-16 20:35:50,714 - Process-Merge.owl [PID 15832] - DEBUG - [Process-Merge.owl PID:15832] 成功加载本体 'D:\PythonProjects\AcademicTool_PySide\data\sysml2\8\owl\Merge.owl'。
2025-03-16 20:35:50,714 - Process-Merge.owl [PID 15832] - DEBUG - [Process-Merge.owl PID:15832] 生成分类图。
2025-03-16 20:35:50,717 - Process-Merge.owl [PID 15832] - DEBUG - [Process-Merge.owl PID:15832] 分类图生成成功。
2025-03-16 20:35:50,717 - Process-Merge.owl [PID 15832] - DEBUG - [Process-Merge.owl PID:15832] 开始渲染SVG图形。
2025-03-16 20:35:50,735 - Process-Emergency.owl [PID 29500] - DEBUG - 子进程日志记录器已配置，仅使用QueueHandler。
2025-03-16 20:35:50,735 - Process-Emergency.owl [PID 29500] - DEBUG - [Process-Emergency.owl PID:29500] 开始处理文件 'D:\PythonProjects\AcademicTool_PySide\views\tabs\../../data/sysml2/8/owl\Emergency.owl'.
2025-03-16 20:35:50,735 - Process-Emergency.owl [PID 29500] - INFO - [Process-Emergency.owl PID:29500] 开始检查JSON-LD文件: 'D:\PythonProjects\AcademicTool_PySide\views\tabs\../../data/sysml2/8/owl\Emergency.owl'.
2025-03-16 20:35:50,735 - Process-Emergency.owl [PID 29500] - DEBUG - [Process-Emergency.owl PID:29500] 检查文件是否为JSON-LD: 'D:\PythonProjects\AcademicTool_PySide\views\tabs\../../data/sysml2/8/owl\Emergency.owl'
2025-03-16 20:35:50,736 - Process-Emergency.owl [PID 29500] - WARNING - [Process-Emergency.owl PID:29500] 文件 'D:\PythonProjects\AcademicTool_PySide\views\tabs\../../data/sysml2/8/owl\Emergency.owl' 中的JSON无效: Expecting value: line 1 column 1 (char 0)
2025-03-16 20:35:50,736 - Process-Emergency.owl [PID 29500] - INFO - [Process-Emergency.owl PID:29500] 文件 'D:\PythonProjects\AcademicTool_PySide\views\tabs\../../data/sysml2/8/owl\Emergency.owl' 不是JSON-LD格式，跳过转换。
2025-03-16 20:35:50,736 - Process-Emergency.owl [PID 29500] - DEBUG - [Process-Emergency.owl PID:29500] 文件 'D:\PythonProjects\AcademicTool_PySide\views\tabs\../../data/sysml2/8/owl\Emergency.owl' 已处理为 'D:\PythonProjects\AcademicTool_PySide\views\tabs\../../data/sysml2/8/owl\Emergency.owl'。
2025-03-16 20:35:50,736 - Process-Emergency.owl [PID 29500] - INFO - [Process-Emergency.owl PID:29500] 开始处理OWL文件: 'D:\PythonProjects\AcademicTool_PySide\views\tabs\../../data/sysml2/8/owl\Emergency.owl'.
2025-03-16 20:35:50,736 - Process-Emergency.owl [PID 29500] - DEBUG - [Process-Emergency.owl PID:29500] 加载OWL文件 'D:\PythonProjects\AcademicTool_PySide\data\sysml2\8\owl\Emergency.owl'。
2025-03-16 20:35:50,737 - Process-Emergency.owl [PID 29500] - DEBUG - [Process-Emergency.owl PID:29500] 成功加载本体 'D:\PythonProjects\AcademicTool_PySide\data\sysml2\8\owl\Emergency.owl'。
2025-03-16 20:35:50,737 - Process-Emergency.owl [PID 29500] - DEBUG - [Process-Emergency.owl PID:29500] 生成分类图。
2025-03-16 20:35:50,737 - Process-Emergency.owl [PID 29500] - DEBUG - [Process-Emergency.owl PID:29500] 分类图生成成功。
2025-03-16 20:35:50,737 - Process-Emergency.owl [PID 29500] - DEBUG - [Process-Emergency.owl PID:29500] 开始渲染SVG图形。
2025-03-16 20:35:50,749 - Process-ScenarioElement.owl [PID 23876] - DEBUG - 子进程日志记录器已配置，仅使用QueueHandler。
2025-03-16 20:35:50,750 - Process-ScenarioElement.owl [PID 23876] - DEBUG - [Process-ScenarioElement.owl PID:23876] 开始处理文件 'D:\PythonProjects\AcademicTool_PySide\views\tabs\../../data/sysml2/8/owl\ScenarioElement.owl'.
2025-03-16 20:35:50,750 - Process-ScenarioElement.owl [PID 23876] - INFO - [Process-ScenarioElement.owl PID:23876] 开始检查JSON-LD文件: 'D:\PythonProjects\AcademicTool_PySide\views\tabs\../../data/sysml2/8/owl\ScenarioElement.owl'.
2025-03-16 20:35:50,750 - Process-ScenarioElement.owl [PID 23876] - DEBUG - [Process-ScenarioElement.owl PID:23876] 检查文件是否为JSON-LD: 'D:\PythonProjects\AcademicTool_PySide\views\tabs\../../data/sysml2/8/owl\ScenarioElement.owl'
2025-03-16 20:35:50,750 - Process-ScenarioElement.owl [PID 23876] - WARNING - [Process-ScenarioElement.owl PID:23876] 文件 'D:\PythonProjects\AcademicTool_PySide\views\tabs\../../data/sysml2/8/owl\ScenarioElement.owl' 中的JSON无效: Expecting value: line 1 column 1 (char 0)
2025-03-16 20:35:50,750 - Process-ScenarioElement.owl [PID 23876] - INFO - [Process-ScenarioElement.owl PID:23876] 文件 'D:\PythonProjects\AcademicTool_PySide\views\tabs\../../data/sysml2/8/owl\ScenarioElement.owl' 不是JSON-LD格式，跳过转换。
2025-03-16 20:35:50,750 - Process-ScenarioElement.owl [PID 23876] - DEBUG - [Process-ScenarioElement.owl PID:23876] 文件 'D:\PythonProjects\AcademicTool_PySide\views\tabs\../../data/sysml2/8/owl\ScenarioElement.owl' 已处理为 'D:\PythonProjects\AcademicTool_PySide\views\tabs\../../data/sysml2/8/owl\ScenarioElement.owl'。
2025-03-16 20:35:50,750 - Process-ScenarioElement.owl [PID 23876] - INFO - [Process-ScenarioElement.owl PID:23876] 开始处理OWL文件: 'D:\PythonProjects\AcademicTool_PySide\views\tabs\../../data/sysml2/8/owl\ScenarioElement.owl'.
2025-03-16 20:35:50,750 - Process-ScenarioElement.owl [PID 23876] - DEBUG - [Process-ScenarioElement.owl PID:23876] 加载OWL文件 'D:\PythonProjects\AcademicTool_PySide\data\sysml2\8\owl\ScenarioElement.owl'。
2025-03-16 20:35:50,771 - Process-ScenarioElement.owl [PID 23876] - DEBUG - [Process-ScenarioElement.owl PID:23876] 成功加载本体 'D:\PythonProjects\AcademicTool_PySide\data\sysml2\8\owl\ScenarioElement.owl'。
2025-03-16 20:35:50,771 - Process-ScenarioElement.owl [PID 23876] - DEBUG - [Process-ScenarioElement.owl PID:23876] 生成分类图。
2025-03-16 20:35:50,773 - Process-ScenarioElement.owl [PID 23876] - DEBUG - [Process-ScenarioElement.owl PID:23876] 分类图生成成功。
2025-03-16 20:35:50,773 - Process-ScenarioElement.owl [PID 23876] - DEBUG - [Process-ScenarioElement.owl PID:23876] 开始渲染SVG图形。
2025-03-16 20:35:51,141 - Process-Scenario.owl [PID 30560] - DEBUG - [Process-Scenario.owl PID:30560] SVG图形成功写入文件 'D:\PythonProjects\AcademicTool_PySide\views\tabs\../../data/sysml2/8/owl\Scenario.svg'。
2025-03-16 20:35:51,141 - Process-Scenario.owl [PID 30560] - INFO - [Process-Scenario.owl PID:30560] 成功生成SVG文件: 'D:\PythonProjects\AcademicTool_PySide\views\tabs\../../data/sysml2/8/owl\Scenario.svg'，耗时 0:00:00.435131.
2025-03-16 20:35:51,141 - Process-Scenario.owl [PID 30560] - DEBUG - [Process-Scenario.owl PID:30560] 完成文件 'D:\PythonProjects\AcademicTool_PySide\views\tabs\../../data/sysml2/8/owl\Scenario.owl' 的处理，输出: 'D:\PythonProjects\AcademicTool_PySide\views\tabs\../../data/sysml2/8/owl\Scenario.svg'。
2025-03-16 20:35:51,141 - Process-Scenario.owl [PID 30560] - INFO - [Process-Scenario.owl PID:30560] 完成处理文件 'D:\PythonProjects\AcademicTool_PySide\views\tabs\../../data/sysml2/8/owl\Scenario.owl'。
2025-03-16 20:35:51,143 - Process-Emergency.owl [PID 29500] - DEBUG - [Process-Emergency.owl PID:29500] SVG图形成功写入文件 'D:\PythonProjects\AcademicTool_PySide\views\tabs\../../data/sysml2/8/owl\Emergency.svg'。
2025-03-16 20:35:51,144 - Process-Emergency.owl [PID 29500] - INFO - [Process-Emergency.owl PID:29500] 成功生成SVG文件: 'D:\PythonProjects\AcademicTool_PySide\views\tabs\../../data/sysml2/8/owl\Emergency.svg'，耗时 0:00:00.407131.
2025-03-16 20:35:51,144 - Process-Emergency.owl [PID 29500] - DEBUG - [Process-Emergency.owl PID:29500] 完成文件 'D:\PythonProjects\AcademicTool_PySide\views\tabs\../../data/sysml2/8/owl\Emergency.owl' 的处理，输出: 'D:\PythonProjects\AcademicTool_PySide\views\tabs\../../data/sysml2/8/owl\Emergency.svg'。
2025-03-16 20:35:51,144 - Process-Emergency.owl [PID 29500] - INFO - [Process-Emergency.owl PID:29500] 完成处理文件 'D:\PythonProjects\AcademicTool_PySide\views\tabs\../../data/sysml2/8/owl\Emergency.owl'。
2025-03-16 20:35:51,147 - Process-ScenarioElement.owl [PID 23876] - DEBUG - [Process-ScenarioElement.owl PID:23876] SVG图形成功写入文件 'D:\PythonProjects\AcademicTool_PySide\views\tabs\../../data/sysml2/8/owl\ScenarioElement.svg'。
2025-03-16 20:35:51,147 - Process-ScenarioElement.owl [PID 23876] - INFO - [Process-ScenarioElement.owl PID:23876] 成功生成SVG文件: 'D:\PythonProjects\AcademicTool_PySide\views\tabs\../../data/sysml2/8/owl\ScenarioElement.svg'，耗时 0:00:00.396457.
2025-03-16 20:35:51,147 - Process-ScenarioElement.owl [PID 23876] - DEBUG - [Process-ScenarioElement.owl PID:23876] 完成文件 'D:\PythonProjects\AcademicTool_PySide\views\tabs\../../data/sysml2/8/owl\ScenarioElement.owl' 的处理，输出: 'D:\PythonProjects\AcademicTool_PySide\views\tabs\../../data/sysml2/8/owl\ScenarioElement.svg'。
2025-03-16 20:35:51,147 - Process-ScenarioElement.owl [PID 23876] - INFO - [Process-ScenarioElement.owl PID:23876] 完成处理文件 'D:\PythonProjects\AcademicTool_PySide\views\tabs\../../data/sysml2/8/owl\ScenarioElement.owl'。
2025-03-16 20:35:51,152 - Process-Merge.owl [PID 15832] - DEBUG - [Process-Merge.owl PID:15832] SVG图形成功写入文件 'D:\PythonProjects\AcademicTool_PySide\views\tabs\../../data/sysml2/8/owl\Merge.svg'。
2025-03-16 20:35:51,152 - Process-Merge.owl [PID 15832] - INFO - [Process-Merge.owl PID:15832] 成功生成SVG文件: 'D:\PythonProjects\AcademicTool_PySide\views\tabs\../../data/sysml2/8/owl\Merge.svg'，耗时 0:00:00.462132.
2025-03-16 20:35:51,152 - Process-Merge.owl [PID 15832] - DEBUG - [Process-Merge.owl PID:15832] 完成文件 'D:\PythonProjects\AcademicTool_PySide\views\tabs\../../data/sysml2/8/owl\Merge.owl' 的处理，输出: 'D:\PythonProjects\AcademicTool_PySide\views\tabs\../../data/sysml2/8/owl\Merge.svg'。
2025-03-16 20:35:51,152 - Process-Merge.owl [PID 15832] - INFO - [Process-Merge.owl PID:15832] 完成处理文件 'D:\PythonProjects\AcademicTool_PySide\views\tabs\../../data/sysml2/8/owl\Merge.owl'。
2025-03-16 20:35:51,573 - MainProcess [PID 33564] - INFO - 进程 Process-ScenarioElement.owl 已完成。
2025-03-16 20:35:51,574 - MainProcess [PID 33564] - INFO - 进程 Process-Scenario.owl 已完成。
2025-03-16 20:35:51,587 - MainProcess [PID 33564] - INFO - 进程 Process-Emergency.owl 已完成。
2025-03-16 20:35:51,597 - MainProcess [PID 33564] - INFO - 进程 Process-Merge.owl 已完成。
2025-03-16 20:35:51,597 - MainProcess [PID 33564] - INFO - 所有文件处理完成.
